PHP Fatal error:  Call to undefined function GuzzleHttp\choose_handler() in /home/vagrant/laravel5/vendor/guzzlehttp/guzzle/src/HandlerStack.php on line 40
PHP Stack trace:
PHP   1. {main}() /home/vagrant/laravel5/artisan:0
PHP   2. Illuminate\Foundation\Console\Kernel->handle() /home/vagrant/laravel5/artisan:36
PHP   3. Symfony\Component\Console\Application->run() /home/vagrant/laravel5/vendor/laravel/framework/src/Illuminate/Foundation/Console/Kernel.php:107
PHP   4. Symfony\Component\Console\Application->doRun() /home/vagrant/laravel5/vendor/symfony/console/Application.php:120
PHP   5. Symfony\Component\Console\Application->doRunCommand() /home/vagrant/laravel5/vendor/symfony/console/Application.php:189
PHP   6. Illuminate\Console\Command->run() /home/vagrant/laravel5/vendor/symfony/console/Application.php:841
PHP   7. Symfony\Component\Console\Command\Command->run() /home/vagrant/laravel5/vendor/laravel/framework/src/Illuminate/Console/Command.php:136
PHP   8. Illuminate\Console\Command->execute() /home/vagrant/laravel5/vendor/symfony/console/Command/Command.php:256
PHP   9. Illuminate\Container\Container->call() /home/vagrant/laravel5/vendor/laravel/framework/src/Illuminate/Console/Command.php:150
PHP  10. call_user_func_array:{/home/vagrant/laravel5/vendor/laravel/framework/src/Illuminate/Container/Container.php:507}() /home/vagrant/laravel5/vendor/laravel/framework/src/Illuminate/Container/Container.php:507
PHP  11. Illuminate\Queue\Console\WorkCommand->fire() /home/vagrant/laravel5/vendor/laravel/framework/src/Illuminate/Container/Container.php:507
PHP  12. Illuminate\Queue\Console\WorkCommand->runWorker() /home/vagrant/laravel5/vendor/laravel/framework/src/Illuminate/Queue/Console/WorkCommand.php:71
PHP  13. Illuminate\Queue\Worker->daemon() /home/vagrant/laravel5/vendor/laravel/framework/src/Illuminate/Queue/Console/WorkCommand.php:103
PHP  14. Illuminate\Queue\Worker->runNextJobForDaemon() /home/vagrant/laravel5/vendor/laravel/framework/src/Illuminate/Queue/Worker.php:87
PHP  15. Illuminate\Queue\Worker->pop() /home/vagrant/laravel5/vendor/laravel/framework/src/Illuminate/Queue/Worker.php:111
PHP  16. Illuminate\Queue\Worker->process() /home/vagrant/laravel5/vendor/laravel/framework/src/Illuminate/Queue/Worker.php:159
PHP  17. Illuminate\Queue\Jobs\DatabaseJob->fire() /home/vagrant/laravel5/vendor/laravel/framework/src/Illuminate/Queue/Worker.php:208
PHP  18. Illuminate\Queue\Jobs\Job->resolveAndFire() /home/vagrant/laravel5/vendor/laravel/framework/src/Illuminate/Queue/Jobs/DatabaseJob.php:50
PHP  19. Illuminate\Queue\CallQueuedHandler->call() /home/vagrant/laravel5/vendor/laravel/framework/src/Illuminate/Queue/Jobs/Job.php:129
PHP  20. Illuminate\Bus\Dispatcher->dispatchNow() /home/vagrant/laravel5/vendor/laravel/framework/src/Illuminate/Queue/CallQueuedHandler.php:43
PHP  21. Illuminate\Pipeline\Pipeline->then() /home/vagrant/laravel5/vendor/laravel/framework/src/Illuminate/Bus/Dispatcher.php:204
PHP  22. call_user_func:{/home/vagrant/laravel5/vendor/laravel/framework/src/Illuminate/Pipeline/Pipeline.php:103}() /home/vagrant/laravel5/vendor/laravel/framework/src/Illuminate/Pipeline/Pipeline.php:103
PHP  23. Illuminate\Pipeline\Pipeline->Illuminate\Pipeline\{closure}() /home/vagrant/laravel5/vendor/laravel/framework/src/Illuminate/Pipeline/Pipeline.php:103
PHP  24. call_user_func:{/home/vagrant/laravel5/vendor/laravel/framework/src/Illuminate/Pipeline/Pipeline.php:139}() /home/vagrant/laravel5/vendor/laravel/framework/src/Illuminate/Pipeline/Pipeline.php:139
PHP  25. Illuminate\Bus\Dispatcher->Illuminate\Bus\{closure}() /home/vagrant/laravel5/vendor/laravel/framework/src/Illuminate/Pipeline/Pipeline.php:139
PHP  26. Illuminate\Container\Container->call() /home/vagrant/laravel5/vendor/laravel/framework/src/Illuminate/Bus/Dispatcher.php:192
PHP  27. call_user_func_array:{/home/vagrant/laravel5/vendor/laravel/framework/src/Illuminate/Container/Container.php:507}() /home/vagrant/laravel5/vendor/laravel/framework/src/Illuminate/Container/Container.php:507
PHP  28. App\Jobs\TestQueueEmail->handle() /home/vagrant/laravel5/vendor/laravel/framework/src/Illuminate/Container/Container.php:507
PHP  29. App\Lib\Mailer\LogEmail->testEmailQueue() /home/vagrant/laravel5/app/Jobs/TestQueueEmail.php:35
PHP  30. App\Lib\Mailer\Mailer->sendTo() /home/vagrant/laravel5/app/Lib/Mailer/LogEmail.php:25
PHP  31. Illuminate\Support\Facades\Mail::queue() /home/vagrant/laravel5/app/Lib/Mailer/Mailer.php:15
PHP  32. Illuminate\Support\Facades\Facade::__callStatic() /home/vagrant/laravel5/app/Lib/Mailer/Mailer.php:15
PHP  33. Illuminate\Support\Facades\Facade::getFacadeRoot() /home/vagrant/laravel5/vendor/laravel/framework/src/Illuminate/Support/Facades/Facade.php:205
PHP  34. Illuminate\Support\Facades\Facade::resolveFacadeInstance() /home/vagrant/laravel5/vendor/laravel/framework/src/Illuminate/Support/Facades/Facade.php:120
PHP  35. Illuminate\Container\Container->offsetGet() /home/vagrant/laravel5/vendor/laravel/framework/src/Illuminate/Support/Facades/Facade.php:151
PHP  36. Illuminate\Foundation\Application->make() /home/vagrant/laravel5/vendor/laravel/framework/src/Illuminate/Container/Container.php:1163
PHP  37. Illuminate\Container\Container->make() /home/vagrant/laravel5/vendor/laravel/framework/src/Illuminate/Foundation/Application.php:674
PHP  38. Illuminate\Container\Container->build() /home/vagrant/laravel5/vendor/laravel/framework/src/Illuminate/Container/Container.php:631
PHP  39. Illuminate\Mail\MailServiceProvider->Illuminate\Mail\{closure}() /home/vagrant/laravel5/vendor/laravel/framework/src/Illuminate/Container/Container.php:738
PHP  40. Illuminate\Container\Container->offsetGet() /home/vagrant/laravel5/vendor/laravel/framework/src/Illuminate/Container/Container.php:31
PHP  41. Illuminate\Foundation\Application->make() /home/vagrant/laravel5/vendor/laravel/framework/src/Illuminate/Container/Container.php:1163
PHP  42. Illuminate\Container\Container->make() /home/vagrant/laravel5/vendor/laravel/framework/src/Illuminate/Foundation/Application.php:674
PHP  43. Illuminate\Container\Container->build() /home/vagrant/laravel5/vendor/laravel/framework/src/Illuminate/Container/Container.php:631
PHP  44. Illuminate\Container\Container->Illuminate\Container\{closure}() /home/vagrant/laravel5/vendor/laravel/framework/src/Illuminate/Container/Container.php:738
PHP  45. Illuminate\Mail\MailServiceProvider->Illuminate\Mail\{closure}() /home/vagrant/laravel5/vendor/laravel/framework/src/Illuminate/Container/Container.php:279
PHP  46. Illuminate\Support\Manager->driver() /home/vagrant/laravel5/vendor/laravel/framework/src/Illuminate/Mail/MailServiceProvider.php:95
PHP  47. Illuminate\Support\Manager->createDriver() /home/vagrant/laravel5/vendor/laravel/framework/src/Illuminate/Support/Manager.php:63
PHP  48. Illuminate\Mail\TransportManager->createMandrillDriver() /home/vagrant/laravel5/vendor/laravel/framework/src/Illuminate/Support/Manager.php:87
PHP  49. GuzzleHttp\Client->__construct() /home/vagrant/laravel5/vendor/laravel/framework/src/Illuminate/Mail/TransportManager.php:116
PHP  50. GuzzleHttp\HandlerStack::create() /home/vagrant/laravel5/vendor/guzzlehttp/guzzle/src/Client.php:65

                                                           
  [Symfony\Component\Debug\Exception\FatalErrorException]  
  Call to undefined function GuzzleHttp\choose_handler()   
                                                           

PHP Fatal error:  Call to a member function transaction() on null in /home/vagrant/laravel5/app/Repository/TransactionRepository.php on line 38
PHP Stack trace:
PHP   1. {main}() /home/vagrant/laravel5/artisan:0
PHP   2. Illuminate\Foundation\Console\Kernel->handle() /home/vagrant/laravel5/artisan:36
PHP   3. Symfony\Component\Console\Application->run() /home/vagrant/laravel5/vendor/laravel/framework/src/Illuminate/Foundation/Console/Kernel.php:107
PHP   4. Symfony\Component\Console\Application->doRun() /home/vagrant/laravel5/vendor/symfony/console/Application.php:120
PHP   5. Symfony\Component\Console\Application->doRunCommand() /home/vagrant/laravel5/vendor/symfony/console/Application.php:189
PHP   6. Illuminate\Console\Command->run() /home/vagrant/laravel5/vendor/symfony/console/Application.php:841
PHP   7. Symfony\Component\Console\Command\Command->run() /home/vagrant/laravel5/vendor/laravel/framework/src/Illuminate/Console/Command.php:136
PHP   8. Illuminate\Console\Command->execute() /home/vagrant/laravel5/vendor/symfony/console/Command/Command.php:256
PHP   9. Illuminate\Container\Container->call() /home/vagrant/laravel5/vendor/laravel/framework/src/Illuminate/Console/Command.php:150
PHP  10. call_user_func_array:{/home/vagrant/laravel5/vendor/laravel/framework/src/Illuminate/Container/Container.php:507}() /home/vagrant/laravel5/vendor/laravel/framework/src/Illuminate/Container/Container.php:507
PHP  11. Illuminate\Queue\Console\WorkCommand->fire() /home/vagrant/laravel5/vendor/laravel/framework/src/Illuminate/Container/Container.php:507
PHP  12. Illuminate\Queue\Console\WorkCommand->runWorker() /home/vagrant/laravel5/vendor/laravel/framework/src/Illuminate/Queue/Console/WorkCommand.php:71
PHP  13. Illuminate\Queue\Worker->daemon() /home/vagrant/laravel5/vendor/laravel/framework/src/Illuminate/Queue/Console/WorkCommand.php:103
PHP  14. Illuminate\Queue\Worker->runNextJobForDaemon() /home/vagrant/laravel5/vendor/laravel/framework/src/Illuminate/Queue/Worker.php:87
PHP  15. Illuminate\Queue\Worker->pop() /home/vagrant/laravel5/vendor/laravel/framework/src/Illuminate/Queue/Worker.php:111
PHP  16. Illuminate\Queue\Worker->process() /home/vagrant/laravel5/vendor/laravel/framework/src/Illuminate/Queue/Worker.php:159
PHP  17. Illuminate\Queue\Jobs\DatabaseJob->fire() /home/vagrant/laravel5/vendor/laravel/framework/src/Illuminate/Queue/Worker.php:208
PHP  18. Illuminate\Queue\Jobs\Job->resolveAndFire() /home/vagrant/laravel5/vendor/laravel/framework/src/Illuminate/Queue/Jobs/DatabaseJob.php:50
PHP  19. Illuminate\Queue\CallQueuedHandler->call() /home/vagrant/laravel5/vendor/laravel/framework/src/Illuminate/Queue/Jobs/Job.php:129
PHP  20. Illuminate\Bus\Dispatcher->dispatchNow() /home/vagrant/laravel5/vendor/laravel/framework/src/Illuminate/Queue/CallQueuedHandler.php:43
PHP  21. Illuminate\Pipeline\Pipeline->then() /home/vagrant/laravel5/vendor/laravel/framework/src/Illuminate/Bus/Dispatcher.php:204
PHP  22. call_user_func:{/home/vagrant/laravel5/vendor/laravel/framework/src/Illuminate/Pipeline/Pipeline.php:103}() /home/vagrant/laravel5/vendor/laravel/framework/src/Illuminate/Pipeline/Pipeline.php:103
PHP  23. Illuminate\Pipeline\Pipeline->Illuminate\Pipeline\{closure}() /home/vagrant/laravel5/vendor/laravel/framework/src/Illuminate/Pipeline/Pipeline.php:103
PHP  24. call_user_func:{/home/vagrant/laravel5/vendor/laravel/framework/src/Illuminate/Pipeline/Pipeline.php:139}() /home/vagrant/laravel5/vendor/laravel/framework/src/Illuminate/Pipeline/Pipeline.php:139
PHP  25. Illuminate\Bus\Dispatcher->Illuminate\Bus\{closure}() /home/vagrant/laravel5/vendor/laravel/framework/src/Illuminate/Pipeline/Pipeline.php:139
PHP  26. Illuminate\Container\Container->call() /home/vagrant/laravel5/vendor/laravel/framework/src/Illuminate/Bus/Dispatcher.php:192
PHP  27. call_user_func_array:{/home/vagrant/laravel5/vendor/laravel/framework/src/Illuminate/Container/Container.php:507}() /home/vagrant/laravel5/vendor/laravel/framework/src/Illuminate/Container/Container.php:507
PHP  28. App\Jobs\CreditAccountJob->handle() /home/vagrant/laravel5/vendor/laravel/framework/src/Illuminate/Container/Container.php:507
PHP  29. App\Lib\Payments\InterSwitch\CheckOut->confirmTransaction() /home/vagrant/laravel5/app/Jobs/CreditAccountJob.php:50
PHP  30. App\Repository\TransactionRepository::checkTransaction() /home/vagrant/laravel5/app/Lib/Payments/InterSwitch/CheckOut.php:43

                                                           
  [Symfony\Component\Debug\Exception\FatalErrorException]  
  Call to a member function transaction() on null          
                                                           

PHP Fatal error:  Call to a member function transaction() on null in /home/vagrant/laravel5/app/Repository/TransactionRepository.php on line 38
PHP Stack trace:
PHP   1. {main}() /home/vagrant/laravel5/artisan:0
PHP   2. Illuminate\Foundation\Console\Kernel->handle() /home/vagrant/laravel5/artisan:36
PHP   3. Symfony\Component\Console\Application->run() /home/vagrant/laravel5/vendor/laravel/framework/src/Illuminate/Foundation/Console/Kernel.php:107
PHP   4. Symfony\Component\Console\Application->doRun() /home/vagrant/laravel5/vendor/symfony/console/Application.php:120
PHP   5. Symfony\Component\Console\Application->doRunCommand() /home/vagrant/laravel5/vendor/symfony/console/Application.php:189
PHP   6. Illuminate\Console\Command->run() /home/vagrant/laravel5/vendor/symfony/console/Application.php:841
PHP   7. Symfony\Component\Console\Command\Command->run() /home/vagrant/laravel5/vendor/laravel/framework/src/Illuminate/Console/Command.php:136
PHP   8. Illuminate\Console\Command->execute() /home/vagrant/laravel5/vendor/symfony/console/Command/Command.php:256
PHP   9. Illuminate\Container\Container->call() /home/vagrant/laravel5/vendor/laravel/framework/src/Illuminate/Console/Command.php:150
PHP  10. call_user_func_array:{/home/vagrant/laravel5/vendor/laravel/framework/src/Illuminate/Container/Container.php:507}() /home/vagrant/laravel5/vendor/laravel/framework/src/Illuminate/Container/Container.php:507
PHP  11. Illuminate\Queue\Console\WorkCommand->fire() /home/vagrant/laravel5/vendor/laravel/framework/src/Illuminate/Container/Container.php:507
PHP  12. Illuminate\Queue\Console\WorkCommand->runWorker() /home/vagrant/laravel5/vendor/laravel/framework/src/Illuminate/Queue/Console/WorkCommand.php:71
PHP  13. Illuminate\Queue\Worker->daemon() /home/vagrant/laravel5/vendor/laravel/framework/src/Illuminate/Queue/Console/WorkCommand.php:103
PHP  14. Illuminate\Queue\Worker->runNextJobForDaemon() /home/vagrant/laravel5/vendor/laravel/framework/src/Illuminate/Queue/Worker.php:87
PHP  15. Illuminate\Queue\Worker->pop() /home/vagrant/laravel5/vendor/laravel/framework/src/Illuminate/Queue/Worker.php:111
PHP  16. Illuminate\Queue\Worker->process() /home/vagrant/laravel5/vendor/laravel/framework/src/Illuminate/Queue/Worker.php:159
PHP  17. Illuminate\Queue\Jobs\DatabaseJob->fire() /home/vagrant/laravel5/vendor/laravel/framework/src/Illuminate/Queue/Worker.php:208
PHP  18. Illuminate\Queue\Jobs\Job->resolveAndFire() /home/vagrant/laravel5/vendor/laravel/framework/src/Illuminate/Queue/Jobs/DatabaseJob.php:50
PHP  19. Illuminate\Queue\CallQueuedHandler->call() /home/vagrant/laravel5/vendor/laravel/framework/src/Illuminate/Queue/Jobs/Job.php:129
PHP  20. Illuminate\Bus\Dispatcher->dispatchNow() /home/vagrant/laravel5/vendor/laravel/framework/src/Illuminate/Queue/CallQueuedHandler.php:43
PHP  21. Illuminate\Pipeline\Pipeline->then() /home/vagrant/laravel5/vendor/laravel/framework/src/Illuminate/Bus/Dispatcher.php:204
PHP  22. call_user_func:{/home/vagrant/laravel5/vendor/laravel/framework/src/Illuminate/Pipeline/Pipeline.php:103}() /home/vagrant/laravel5/vendor/laravel/framework/src/Illuminate/Pipeline/Pipeline.php:103
PHP  23. Illuminate\Pipeline\Pipeline->Illuminate\Pipeline\{closure}() /home/vagrant/laravel5/vendor/laravel/framework/src/Illuminate/Pipeline/Pipeline.php:103
PHP  24. call_user_func:{/home/vagrant/laravel5/vendor/laravel/framework/src/Illuminate/Pipeline/Pipeline.php:139}() /home/vagrant/laravel5/vendor/laravel/framework/src/Illuminate/Pipeline/Pipeline.php:139
PHP  25. Illuminate\Bus\Dispatcher->Illuminate\Bus\{closure}() /home/vagrant/laravel5/vendor/laravel/framework/src/Illuminate/Pipeline/Pipeline.php:139
PHP  26. Illuminate\Container\Container->call() /home/vagrant/laravel5/vendor/laravel/framework/src/Illuminate/Bus/Dispatcher.php:192
PHP  27. call_user_func_array:{/home/vagrant/laravel5/vendor/laravel/framework/src/Illuminate/Container/Container.php:507}() /home/vagrant/laravel5/vendor/laravel/framework/src/Illuminate/Container/Container.php:507
PHP  28. App\Jobs\CreditAccountJob->handle() /home/vagrant/laravel5/vendor/laravel/framework/src/Illuminate/Container/Container.php:507
PHP  29. App\Lib\Payments\InterSwitch\CheckOut->confirmTransaction() /home/vagrant/laravel5/app/Jobs/CreditAccountJob.php:50
PHP  30. App\Repository\TransactionRepository::checkTransaction() /home/vagrant/laravel5/app/Lib/Payments/InterSwitch/CheckOut.php:43

                                                           
  [Symfony\Component\Debug\Exception\FatalErrorException]  
  Call to a member function transaction() on null          
                                                           

PHP Fatal error:  Call to a member function transaction() on null in /home/vagrant/laravel5/app/Repository/TransactionRepository.php on line 38
PHP Stack trace:
PHP   1. {main}() /home/vagrant/laravel5/artisan:0
PHP   2. Illuminate\Foundation\Console\Kernel->handle() /home/vagrant/laravel5/artisan:36
PHP   3. Symfony\Component\Console\Application->run() /home/vagrant/laravel5/vendor/laravel/framework/src/Illuminate/Foundation/Console/Kernel.php:107
PHP   4. Symfony\Component\Console\Application->doRun() /home/vagrant/laravel5/vendor/symfony/console/Application.php:120
PHP   5. Symfony\Component\Console\Application->doRunCommand() /home/vagrant/laravel5/vendor/symfony/console/Application.php:189
PHP   6. Illuminate\Console\Command->run() /home/vagrant/laravel5/vendor/symfony/console/Application.php:841
PHP   7. Symfony\Component\Console\Command\Command->run() /home/vagrant/laravel5/vendor/laravel/framework/src/Illuminate/Console/Command.php:136
PHP   8. Illuminate\Console\Command->execute() /home/vagrant/laravel5/vendor/symfony/console/Command/Command.php:256
PHP   9. Illuminate\Container\Container->call() /home/vagrant/laravel5/vendor/laravel/framework/src/Illuminate/Console/Command.php:150
PHP  10. call_user_func_array:{/home/vagrant/laravel5/vendor/laravel/framework/src/Illuminate/Container/Container.php:507}() /home/vagrant/laravel5/vendor/laravel/framework/src/Illuminate/Container/Container.php:507
PHP  11. Illuminate\Queue\Console\WorkCommand->fire() /home/vagrant/laravel5/vendor/laravel/framework/src/Illuminate/Container/Container.php:507
PHP  12. Illuminate\Queue\Console\WorkCommand->runWorker() /home/vagrant/laravel5/vendor/laravel/framework/src/Illuminate/Queue/Console/WorkCommand.php:71
PHP  13. Illuminate\Queue\Worker->daemon() /home/vagrant/laravel5/vendor/laravel/framework/src/Illuminate/Queue/Console/WorkCommand.php:103
PHP  14. Illuminate\Queue\Worker->runNextJobForDaemon() /home/vagrant/laravel5/vendor/laravel/framework/src/Illuminate/Queue/Worker.php:87
PHP  15. Illuminate\Queue\Worker->pop() /home/vagrant/laravel5/vendor/laravel/framework/src/Illuminate/Queue/Worker.php:111
PHP  16. Illuminate\Queue\Worker->process() /home/vagrant/laravel5/vendor/laravel/framework/src/Illuminate/Queue/Worker.php:159
PHP  17. Illuminate\Queue\Jobs\DatabaseJob->fire() /home/vagrant/laravel5/vendor/laravel/framework/src/Illuminate/Queue/Worker.php:208
PHP  18. Illuminate\Queue\Jobs\Job->resolveAndFire() /home/vagrant/laravel5/vendor/laravel/framework/src/Illuminate/Queue/Jobs/DatabaseJob.php:50
PHP  19. Illuminate\Queue\CallQueuedHandler->call() /home/vagrant/laravel5/vendor/laravel/framework/src/Illuminate/Queue/Jobs/Job.php:129
PHP  20. Illuminate\Bus\Dispatcher->dispatchNow() /home/vagrant/laravel5/vendor/laravel/framework/src/Illuminate/Queue/CallQueuedHandler.php:43
PHP  21. Illuminate\Pipeline\Pipeline->then() /home/vagrant/laravel5/vendor/laravel/framework/src/Illuminate/Bus/Dispatcher.php:204
PHP  22. call_user_func:{/home/vagrant/laravel5/vendor/laravel/framework/src/Illuminate/Pipeline/Pipeline.php:103}() /home/vagrant/laravel5/vendor/laravel/framework/src/Illuminate/Pipeline/Pipeline.php:103
PHP  23. Illuminate\Pipeline\Pipeline->Illuminate\Pipeline\{closure}() /home/vagrant/laravel5/vendor/laravel/framework/src/Illuminate/Pipeline/Pipeline.php:103
PHP  24. call_user_func:{/home/vagrant/laravel5/vendor/laravel/framework/src/Illuminate/Pipeline/Pipeline.php:139}() /home/vagrant/laravel5/vendor/laravel/framework/src/Illuminate/Pipeline/Pipeline.php:139
PHP  25. Illuminate\Bus\Dispatcher->Illuminate\Bus\{closure}() /home/vagrant/laravel5/vendor/laravel/framework/src/Illuminate/Pipeline/Pipeline.php:139
PHP  26. Illuminate\Container\Container->call() /home/vagrant/laravel5/vendor/laravel/framework/src/Illuminate/Bus/Dispatcher.php:192
PHP  27. call_user_func_array:{/home/vagrant/laravel5/vendor/laravel/framework/src/Illuminate/Container/Container.php:507}() /home/vagrant/laravel5/vendor/laravel/framework/src/Illuminate/Container/Container.php:507
PHP  28. App\Jobs\CreditAccountJob->handle() /home/vagrant/laravel5/vendor/laravel/framework/src/Illuminate/Container/Container.php:507
PHP  29. App\Lib\Payments\InterSwitch\CheckOut->confirmTransaction() /home/vagrant/laravel5/app/Jobs/CreditAccountJob.php:50
PHP  30. App\Repository\TransactionRepository::checkTransaction() /home/vagrant/laravel5/app/Lib/Payments/InterSwitch/CheckOut.php:43

                                                           
  [Symfony\Component\Debug\Exception\FatalErrorException]  
  Call to a member function transaction() on null          
                                                           

PHP Fatal error:  Call to a member function transaction() on null in /home/vagrant/laravel5/app/Repository/TransactionRepository.php on line 38
PHP Stack trace:
PHP   1. {main}() /home/vagrant/laravel5/artisan:0
PHP   2. Illuminate\Foundation\Console\Kernel->handle() /home/vagrant/laravel5/artisan:36
PHP   3. Symfony\Component\Console\Application->run() /home/vagrant/laravel5/vendor/laravel/framework/src/Illuminate/Foundation/Console/Kernel.php:107
PHP   4. Symfony\Component\Console\Application->doRun() /home/vagrant/laravel5/vendor/symfony/console/Application.php:120
PHP   5. Symfony\Component\Console\Application->doRunCommand() /home/vagrant/laravel5/vendor/symfony/console/Application.php:189
PHP   6. Illuminate\Console\Command->run() /home/vagrant/laravel5/vendor/symfony/console/Application.php:841
PHP   7. Symfony\Component\Console\Command\Command->run() /home/vagrant/laravel5/vendor/laravel/framework/src/Illuminate/Console/Command.php:136
PHP   8. Illuminate\Console\Command->execute() /home/vagrant/laravel5/vendor/symfony/console/Command/Command.php:256
PHP   9. Illuminate\Container\Container->call() /home/vagrant/laravel5/vendor/laravel/framework/src/Illuminate/Console/Command.php:150
PHP  10. call_user_func_array:{/home/vagrant/laravel5/vendor/laravel/framework/src/Illuminate/Container/Container.php:507}() /home/vagrant/laravel5/vendor/laravel/framework/src/Illuminate/Container/Container.php:507
PHP  11. Illuminate\Queue\Console\WorkCommand->fire() /home/vagrant/laravel5/vendor/laravel/framework/src/Illuminate/Container/Container.php:507
PHP  12. Illuminate\Queue\Console\WorkCommand->runWorker() /home/vagrant/laravel5/vendor/laravel/framework/src/Illuminate/Queue/Console/WorkCommand.php:71
PHP  13. Illuminate\Queue\Worker->daemon() /home/vagrant/laravel5/vendor/laravel/framework/src/Illuminate/Queue/Console/WorkCommand.php:103
PHP  14. Illuminate\Queue\Worker->runNextJobForDaemon() /home/vagrant/laravel5/vendor/laravel/framework/src/Illuminate/Queue/Worker.php:87
PHP  15. Illuminate\Queue\Worker->pop() /home/vagrant/laravel5/vendor/laravel/framework/src/Illuminate/Queue/Worker.php:111
PHP  16. Illuminate\Queue\Worker->process() /home/vagrant/laravel5/vendor/laravel/framework/src/Illuminate/Queue/Worker.php:159
PHP  17. Illuminate\Queue\Jobs\DatabaseJob->fire() /home/vagrant/laravel5/vendor/laravel/framework/src/Illuminate/Queue/Worker.php:208
PHP  18. Illuminate\Queue\Jobs\Job->resolveAndFire() /home/vagrant/laravel5/vendor/laravel/framework/src/Illuminate/Queue/Jobs/DatabaseJob.php:50
PHP  19. Illuminate\Queue\CallQueuedHandler->call() /home/vagrant/laravel5/vendor/laravel/framework/src/Illuminate/Queue/Jobs/Job.php:129
PHP  20. Illuminate\Bus\Dispatcher->dispatchNow() /home/vagrant/laravel5/vendor/laravel/framework/src/Illuminate/Queue/CallQueuedHandler.php:43
PHP  21. Illuminate\Pipeline\Pipeline->then() /home/vagrant/laravel5/vendor/laravel/framework/src/Illuminate/Bus/Dispatcher.php:204
PHP  22. call_user_func:{/home/vagrant/laravel5/vendor/laravel/framework/src/Illuminate/Pipeline/Pipeline.php:103}() /home/vagrant/laravel5/vendor/laravel/framework/src/Illuminate/Pipeline/Pipeline.php:103
PHP  23. Illuminate\Pipeline\Pipeline->Illuminate\Pipeline\{closure}() /home/vagrant/laravel5/vendor/laravel/framework/src/Illuminate/Pipeline/Pipeline.php:103
PHP  24. call_user_func:{/home/vagrant/laravel5/vendor/laravel/framework/src/Illuminate/Pipeline/Pipeline.php:139}() /home/vagrant/laravel5/vendor/laravel/framework/src/Illuminate/Pipeline/Pipeline.php:139
PHP  25. Illuminate\Bus\Dispatcher->Illuminate\Bus\{closure}() /home/vagrant/laravel5/vendor/laravel/framework/src/Illuminate/Pipeline/Pipeline.php:139
PHP  26. Illuminate\Container\Container->call() /home/vagrant/laravel5/vendor/laravel/framework/src/Illuminate/Bus/Dispatcher.php:192
PHP  27. call_user_func_array:{/home/vagrant/laravel5/vendor/laravel/framework/src/Illuminate/Container/Container.php:507}() /home/vagrant/laravel5/vendor/laravel/framework/src/Illuminate/Container/Container.php:507
PHP  28. App\Jobs\CreditAccountJob->handle() /home/vagrant/laravel5/vendor/laravel/framework/src/Illuminate/Container/Container.php:507
PHP  29. App\Lib\Payments\InterSwitch\CheckOut->confirmTransaction() /home/vagrant/laravel5/app/Jobs/CreditAccountJob.php:54
PHP  30. App\Repository\TransactionRepository::checkTransaction() /home/vagrant/laravel5/app/Lib/Payments/InterSwitch/CheckOut.php:43

                                                           
  [Symfony\Component\Debug\Exception\FatalErrorException]  
  Call to a member function transaction() on null          
                                                           

PHP Fatal error:  Call to a member function transaction() on null in /home/vagrant/laravel5/app/Repository/TransactionRepository.php on line 38
PHP Stack trace:
PHP   1. {main}() /home/vagrant/laravel5/artisan:0
PHP   2. Illuminate\Foundation\Console\Kernel->handle() /home/vagrant/laravel5/artisan:36
PHP   3. Symfony\Component\Console\Application->run() /home/vagrant/laravel5/vendor/laravel/framework/src/Illuminate/Foundation/Console/Kernel.php:107
PHP   4. Symfony\Component\Console\Application->doRun() /home/vagrant/laravel5/vendor/symfony/console/Application.php:120
PHP   5. Symfony\Component\Console\Application->doRunCommand() /home/vagrant/laravel5/vendor/symfony/console/Application.php:189
PHP   6. Illuminate\Console\Command->run() /home/vagrant/laravel5/vendor/symfony/console/Application.php:841
PHP   7. Symfony\Component\Console\Command\Command->run() /home/vagrant/laravel5/vendor/laravel/framework/src/Illuminate/Console/Command.php:136
PHP   8. Illuminate\Console\Command->execute() /home/vagrant/laravel5/vendor/symfony/console/Command/Command.php:256
PHP   9. Illuminate\Container\Container->call() /home/vagrant/laravel5/vendor/laravel/framework/src/Illuminate/Console/Command.php:150
PHP  10. call_user_func_array:{/home/vagrant/laravel5/vendor/laravel/framework/src/Illuminate/Container/Container.php:507}() /home/vagrant/laravel5/vendor/laravel/framework/src/Illuminate/Container/Container.php:507
PHP  11. Illuminate\Queue\Console\WorkCommand->fire() /home/vagrant/laravel5/vendor/laravel/framework/src/Illuminate/Container/Container.php:507
PHP  12. Illuminate\Queue\Console\WorkCommand->runWorker() /home/vagrant/laravel5/vendor/laravel/framework/src/Illuminate/Queue/Console/WorkCommand.php:71
PHP  13. Illuminate\Queue\Worker->daemon() /home/vagrant/laravel5/vendor/laravel/framework/src/Illuminate/Queue/Console/WorkCommand.php:103
PHP  14. Illuminate\Queue\Worker->runNextJobForDaemon() /home/vagrant/laravel5/vendor/laravel/framework/src/Illuminate/Queue/Worker.php:87
PHP  15. Illuminate\Queue\Worker->pop() /home/vagrant/laravel5/vendor/laravel/framework/src/Illuminate/Queue/Worker.php:111
PHP  16. Illuminate\Queue\Worker->process() /home/vagrant/laravel5/vendor/laravel/framework/src/Illuminate/Queue/Worker.php:159
PHP  17. Illuminate\Queue\Jobs\DatabaseJob->fire() /home/vagrant/laravel5/vendor/laravel/framework/src/Illuminate/Queue/Worker.php:208
PHP  18. Illuminate\Queue\Jobs\Job->resolveAndFire() /home/vagrant/laravel5/vendor/laravel/framework/src/Illuminate/Queue/Jobs/DatabaseJob.php:50
PHP  19. Illuminate\Queue\CallQueuedHandler->call() /home/vagrant/laravel5/vendor/laravel/framework/src/Illuminate/Queue/Jobs/Job.php:129
PHP  20. Illuminate\Bus\Dispatcher->dispatchNow() /home/vagrant/laravel5/vendor/laravel/framework/src/Illuminate/Queue/CallQueuedHandler.php:43
PHP  21. Illuminate\Pipeline\Pipeline->then() /home/vagrant/laravel5/vendor/laravel/framework/src/Illuminate/Bus/Dispatcher.php:204
PHP  22. call_user_func:{/home/vagrant/laravel5/vendor/laravel/framework/src/Illuminate/Pipeline/Pipeline.php:103}() /home/vagrant/laravel5/vendor/laravel/framework/src/Illuminate/Pipeline/Pipeline.php:103
PHP  23. Illuminate\Pipeline\Pipeline->Illuminate\Pipeline\{closure}() /home/vagrant/laravel5/vendor/laravel/framework/src/Illuminate/Pipeline/Pipeline.php:103
PHP  24. call_user_func:{/home/vagrant/laravel5/vendor/laravel/framework/src/Illuminate/Pipeline/Pipeline.php:139}() /home/vagrant/laravel5/vendor/laravel/framework/src/Illuminate/Pipeline/Pipeline.php:139
PHP  25. Illuminate\Bus\Dispatcher->Illuminate\Bus\{closure}() /home/vagrant/laravel5/vendor/laravel/framework/src/Illuminate/Pipeline/Pipeline.php:139
PHP  26. Illuminate\Container\Container->call() /home/vagrant/laravel5/vendor/laravel/framework/src/Illuminate/Bus/Dispatcher.php:192
PHP  27. call_user_func_array:{/home/vagrant/laravel5/vendor/laravel/framework/src/Illuminate/Container/Container.php:507}() /home/vagrant/laravel5/vendor/laravel/framework/src/Illuminate/Container/Container.php:507
PHP  28. App\Jobs\CreditAccountJob->handle() /home/vagrant/laravel5/vendor/laravel/framework/src/Illuminate/Container/Container.php:507
PHP  29. App\Lib\Payments\InterSwitch\CheckOut->confirmTransaction() /home/vagrant/laravel5/app/Jobs/CreditAccountJob.php:50
PHP  30. App\Repository\TransactionRepository::checkTransaction() /home/vagrant/laravel5/app/Lib/Payments/InterSwitch/CheckOut.php:43

                                                           
  [Symfony\Component\Debug\Exception\FatalErrorException]  
  Call to a member function transaction() on null          
                                                           

PHP Fatal error:  Call to a member function transaction() on null in /home/vagrant/laravel5/app/Repository/TransactionRepository.php on line 38
PHP Stack trace:
PHP   1. {main}() /home/vagrant/laravel5/artisan:0
PHP   2. Illuminate\Foundation\Console\Kernel->handle() /home/vagrant/laravel5/artisan:36
PHP   3. Symfony\Component\Console\Application->run() /home/vagrant/laravel5/vendor/laravel/framework/src/Illuminate/Foundation/Console/Kernel.php:107
PHP   4. Symfony\Component\Console\Application->doRun() /home/vagrant/laravel5/vendor/symfony/console/Application.php:120
PHP   5. Symfony\Component\Console\Application->doRunCommand() /home/vagrant/laravel5/vendor/symfony/console/Application.php:189
PHP   6. Illuminate\Console\Command->run() /home/vagrant/laravel5/vendor/symfony/console/Application.php:841
PHP   7. Symfony\Component\Console\Command\Command->run() /home/vagrant/laravel5/vendor/laravel/framework/src/Illuminate/Console/Command.php:136
PHP   8. Illuminate\Console\Command->execute() /home/vagrant/laravel5/vendor/symfony/console/Command/Command.php:256
PHP   9. Illuminate\Container\Container->call() /home/vagrant/laravel5/vendor/laravel/framework/src/Illuminate/Console/Command.php:150
PHP  10. call_user_func_array:{/home/vagrant/laravel5/vendor/laravel/framework/src/Illuminate/Container/Container.php:507}() /home/vagrant/laravel5/vendor/laravel/framework/src/Illuminate/Container/Container.php:507
PHP  11. Illuminate\Queue\Console\WorkCommand->fire() /home/vagrant/laravel5/vendor/laravel/framework/src/Illuminate/Container/Container.php:507
PHP  12. Illuminate\Queue\Console\WorkCommand->runWorker() /home/vagrant/laravel5/vendor/laravel/framework/src/Illuminate/Queue/Console/WorkCommand.php:71
PHP  13. Illuminate\Queue\Worker->daemon() /home/vagrant/laravel5/vendor/laravel/framework/src/Illuminate/Queue/Console/WorkCommand.php:103
PHP  14. Illuminate\Queue\Worker->runNextJobForDaemon() /home/vagrant/laravel5/vendor/laravel/framework/src/Illuminate/Queue/Worker.php:87
PHP  15. Illuminate\Queue\Worker->pop() /home/vagrant/laravel5/vendor/laravel/framework/src/Illuminate/Queue/Worker.php:111
PHP  16. Illuminate\Queue\Worker->process() /home/vagrant/laravel5/vendor/laravel/framework/src/Illuminate/Queue/Worker.php:159
PHP  17. Illuminate\Queue\Jobs\DatabaseJob->fire() /home/vagrant/laravel5/vendor/laravel/framework/src/Illuminate/Queue/Worker.php:208
PHP  18. Illuminate\Queue\Jobs\Job->resolveAndFire() /home/vagrant/laravel5/vendor/laravel/framework/src/Illuminate/Queue/Jobs/DatabaseJob.php:50
PHP  19. Illuminate\Queue\CallQueuedHandler->call() /home/vagrant/laravel5/vendor/laravel/framework/src/Illuminate/Queue/Jobs/Job.php:129
PHP  20. Illuminate\Bus\Dispatcher->dispatchNow() /home/vagrant/laravel5/vendor/laravel/framework/src/Illuminate/Queue/CallQueuedHandler.php:43
PHP  21. Illuminate\Pipeline\Pipeline->then() /home/vagrant/laravel5/vendor/laravel/framework/src/Illuminate/Bus/Dispatcher.php:204
PHP  22. call_user_func:{/home/vagrant/laravel5/vendor/laravel/framework/src/Illuminate/Pipeline/Pipeline.php:103}() /home/vagrant/laravel5/vendor/laravel/framework/src/Illuminate/Pipeline/Pipeline.php:103
PHP  23. Illuminate\Pipeline\Pipeline->Illuminate\Pipeline\{closure}() /home/vagrant/laravel5/vendor/laravel/framework/src/Illuminate/Pipeline/Pipeline.php:103
PHP  24. call_user_func:{/home/vagrant/laravel5/vendor/laravel/framework/src/Illuminate/Pipeline/Pipeline.php:139}() /home/vagrant/laravel5/vendor/laravel/framework/src/Illuminate/Pipeline/Pipeline.php:139
PHP  25. Illuminate\Bus\Dispatcher->Illuminate\Bus\{closure}() /home/vagrant/laravel5/vendor/laravel/framework/src/Illuminate/Pipeline/Pipeline.php:139
PHP  26. Illuminate\Container\Container->call() /home/vagrant/laravel5/vendor/laravel/framework/src/Illuminate/Bus/Dispatcher.php:192
PHP  27. call_user_func_array:{/home/vagrant/laravel5/vendor/laravel/framework/src/Illuminate/Container/Container.php:507}() /home/vagrant/laravel5/vendor/laravel/framework/src/Illuminate/Container/Container.php:507
PHP  28. App\Jobs\CreditAccountJob->handle() /home/vagrant/laravel5/vendor/laravel/framework/src/Illuminate/Container/Container.php:507
PHP  29. App\Lib\Payments\InterSwitch\CheckOut->confirmTransaction() /home/vagrant/laravel5/app/Jobs/CreditAccountJob.php:54
PHP  30. App\Repository\TransactionRepository::checkTransaction() /home/vagrant/laravel5/app/Lib/Payments/InterSwitch/CheckOut.php:43

                                                           
  [Symfony\Component\Debug\Exception\FatalErrorException]  
  Call to a member function transaction() on null          
                                                           

PHP Fatal error:  Call to a member function transaction() on null in /home/vagrant/laravel5/app/Repository/TransactionRepository.php on line 37
PHP Stack trace:
PHP   1. {main}() /home/vagrant/laravel5/artisan:0
PHP   2. Illuminate\Foundation\Console\Kernel->handle() /home/vagrant/laravel5/artisan:36
PHP   3. Symfony\Component\Console\Application->run() /home/vagrant/laravel5/vendor/laravel/framework/src/Illuminate/Foundation/Console/Kernel.php:107
PHP   4. Symfony\Component\Console\Application->doRun() /home/vagrant/laravel5/vendor/symfony/console/Application.php:120
PHP   5. Symfony\Component\Console\Application->doRunCommand() /home/vagrant/laravel5/vendor/symfony/console/Application.php:189
PHP   6. Illuminate\Console\Command->run() /home/vagrant/laravel5/vendor/symfony/console/Application.php:841
PHP   7. Symfony\Component\Console\Command\Command->run() /home/vagrant/laravel5/vendor/laravel/framework/src/Illuminate/Console/Command.php:136
PHP   8. Illuminate\Console\Command->execute() /home/vagrant/laravel5/vendor/symfony/console/Command/Command.php:256
PHP   9. Illuminate\Container\Container->call() /home/vagrant/laravel5/vendor/laravel/framework/src/Illuminate/Console/Command.php:150
PHP  10. call_user_func_array:{/home/vagrant/laravel5/vendor/laravel/framework/src/Illuminate/Container/Container.php:507}() /home/vagrant/laravel5/vendor/laravel/framework/src/Illuminate/Container/Container.php:507
PHP  11. Illuminate\Queue\Console\WorkCommand->fire() /home/vagrant/laravel5/vendor/laravel/framework/src/Illuminate/Container/Container.php:507
PHP  12. Illuminate\Queue\Console\WorkCommand->runWorker() /home/vagrant/laravel5/vendor/laravel/framework/src/Illuminate/Queue/Console/WorkCommand.php:71
PHP  13. Illuminate\Queue\Worker->daemon() /home/vagrant/laravel5/vendor/laravel/framework/src/Illuminate/Queue/Console/WorkCommand.php:103
PHP  14. Illuminate\Queue\Worker->runNextJobForDaemon() /home/vagrant/laravel5/vendor/laravel/framework/src/Illuminate/Queue/Worker.php:87
PHP  15. Illuminate\Queue\Worker->pop() /home/vagrant/laravel5/vendor/laravel/framework/src/Illuminate/Queue/Worker.php:111
PHP  16. Illuminate\Queue\Worker->process() /home/vagrant/laravel5/vendor/laravel/framework/src/Illuminate/Queue/Worker.php:159
PHP  17. Illuminate\Queue\Jobs\DatabaseJob->fire() /home/vagrant/laravel5/vendor/laravel/framework/src/Illuminate/Queue/Worker.php:208
PHP  18. Illuminate\Queue\Jobs\Job->resolveAndFire() /home/vagrant/laravel5/vendor/laravel/framework/src/Illuminate/Queue/Jobs/DatabaseJob.php:50
PHP  19. Illuminate\Queue\CallQueuedHandler->call() /home/vagrant/laravel5/vendor/laravel/framework/src/Illuminate/Queue/Jobs/Job.php:129
PHP  20. Illuminate\Bus\Dispatcher->dispatchNow() /home/vagrant/laravel5/vendor/laravel/framework/src/Illuminate/Queue/CallQueuedHandler.php:43
PHP  21. Illuminate\Pipeline\Pipeline->then() /home/vagrant/laravel5/vendor/laravel/framework/src/Illuminate/Bus/Dispatcher.php:204
PHP  22. call_user_func:{/home/vagrant/laravel5/vendor/laravel/framework/src/Illuminate/Pipeline/Pipeline.php:103}() /home/vagrant/laravel5/vendor/laravel/framework/src/Illuminate/Pipeline/Pipeline.php:103
PHP  23. Illuminate\Pipeline\Pipeline->Illuminate\Pipeline\{closure}() /home/vagrant/laravel5/vendor/laravel/framework/src/Illuminate/Pipeline/Pipeline.php:103
PHP  24. call_user_func:{/home/vagrant/laravel5/vendor/laravel/framework/src/Illuminate/Pipeline/Pipeline.php:139}() /home/vagrant/laravel5/vendor/laravel/framework/src/Illuminate/Pipeline/Pipeline.php:139
PHP  25. Illuminate\Bus\Dispatcher->Illuminate\Bus\{closure}() /home/vagrant/laravel5/vendor/laravel/framework/src/Illuminate/Pipeline/Pipeline.php:139
PHP  26. Illuminate\Container\Container->call() /home/vagrant/laravel5/vendor/laravel/framework/src/Illuminate/Bus/Dispatcher.php:192
PHP  27. call_user_func_array:{/home/vagrant/laravel5/vendor/laravel/framework/src/Illuminate/Container/Container.php:507}() /home/vagrant/laravel5/vendor/laravel/framework/src/Illuminate/Container/Container.php:507
PHP  28. App\Jobs\CreditAccountJob->handle() /home/vagrant/laravel5/vendor/laravel/framework/src/Illuminate/Container/Container.php:507
PHP  29. App\Lib\Payments\InterSwitch\CheckOut->confirmTransaction() /home/vagrant/laravel5/app/Jobs/CreditAccountJob.php:54
PHP  30. App\Repository\TransactionRepository::checkTransaction() /home/vagrant/laravel5/app/Lib/Payments/InterSwitch/CheckOut.php:43

                                                           
  [Symfony\Component\Debug\Exception\FatalErrorException]  
  Call to a member function transaction() on null          
                                                           

PHP Fatal error:  Call to a member function transaction() on null in /home/vagrant/laravel5/app/Repository/TransactionRepository.php on line 37
PHP Stack trace:
PHP   1. {main}() /home/vagrant/laravel5/artisan:0
PHP   2. Illuminate\Foundation\Console\Kernel->handle() /home/vagrant/laravel5/artisan:36
PHP   3. Symfony\Component\Console\Application->run() /home/vagrant/laravel5/vendor/laravel/framework/src/Illuminate/Foundation/Console/Kernel.php:107
PHP   4. Symfony\Component\Console\Application->doRun() /home/vagrant/laravel5/vendor/symfony/console/Application.php:120
PHP   5. Symfony\Component\Console\Application->doRunCommand() /home/vagrant/laravel5/vendor/symfony/console/Application.php:189
PHP   6. Illuminate\Console\Command->run() /home/vagrant/laravel5/vendor/symfony/console/Application.php:841
PHP   7. Symfony\Component\Console\Command\Command->run() /home/vagrant/laravel5/vendor/laravel/framework/src/Illuminate/Console/Command.php:136
PHP   8. Illuminate\Console\Command->execute() /home/vagrant/laravel5/vendor/symfony/console/Command/Command.php:256
PHP   9. Illuminate\Container\Container->call() /home/vagrant/laravel5/vendor/laravel/framework/src/Illuminate/Console/Command.php:150
PHP  10. call_user_func_array:{/home/vagrant/laravel5/vendor/laravel/framework/src/Illuminate/Container/Container.php:507}() /home/vagrant/laravel5/vendor/laravel/framework/src/Illuminate/Container/Container.php:507
PHP  11. Illuminate\Queue\Console\WorkCommand->fire() /home/vagrant/laravel5/vendor/laravel/framework/src/Illuminate/Container/Container.php:507
PHP  12. Illuminate\Queue\Console\WorkCommand->runWorker() /home/vagrant/laravel5/vendor/laravel/framework/src/Illuminate/Queue/Console/WorkCommand.php:71
PHP  13. Illuminate\Queue\Worker->daemon() /home/vagrant/laravel5/vendor/laravel/framework/src/Illuminate/Queue/Console/WorkCommand.php:103
PHP  14. Illuminate\Queue\Worker->runNextJobForDaemon() /home/vagrant/laravel5/vendor/laravel/framework/src/Illuminate/Queue/Worker.php:87
PHP  15. Illuminate\Queue\Worker->pop() /home/vagrant/laravel5/vendor/laravel/framework/src/Illuminate/Queue/Worker.php:111
PHP  16. Illuminate\Queue\Worker->process() /home/vagrant/laravel5/vendor/laravel/framework/src/Illuminate/Queue/Worker.php:159
PHP  17. Illuminate\Queue\Jobs\DatabaseJob->fire() /home/vagrant/laravel5/vendor/laravel/framework/src/Illuminate/Queue/Worker.php:208
PHP  18. Illuminate\Queue\Jobs\Job->resolveAndFire() /home/vagrant/laravel5/vendor/laravel/framework/src/Illuminate/Queue/Jobs/DatabaseJob.php:50
PHP  19. Illuminate\Queue\CallQueuedHandler->call() /home/vagrant/laravel5/vendor/laravel/framework/src/Illuminate/Queue/Jobs/Job.php:129
PHP  20. Illuminate\Bus\Dispatcher->dispatchNow() /home/vagrant/laravel5/vendor/laravel/framework/src/Illuminate/Queue/CallQueuedHandler.php:43
PHP  21. Illuminate\Pipeline\Pipeline->then() /home/vagrant/laravel5/vendor/laravel/framework/src/Illuminate/Bus/Dispatcher.php:204
PHP  22. call_user_func:{/home/vagrant/laravel5/vendor/laravel/framework/src/Illuminate/Pipeline/Pipeline.php:103}() /home/vagrant/laravel5/vendor/laravel/framework/src/Illuminate/Pipeline/Pipeline.php:103
PHP  23. Illuminate\Pipeline\Pipeline->Illuminate\Pipeline\{closure}() /home/vagrant/laravel5/vendor/laravel/framework/src/Illuminate/Pipeline/Pipeline.php:103
PHP  24. call_user_func:{/home/vagrant/laravel5/vendor/laravel/framework/src/Illuminate/Pipeline/Pipeline.php:139}() /home/vagrant/laravel5/vendor/laravel/framework/src/Illuminate/Pipeline/Pipeline.php:139
PHP  25. Illuminate\Bus\Dispatcher->Illuminate\Bus\{closure}() /home/vagrant/laravel5/vendor/laravel/framework/src/Illuminate/Pipeline/Pipeline.php:139
PHP  26. Illuminate\Container\Container->call() /home/vagrant/laravel5/vendor/laravel/framework/src/Illuminate/Bus/Dispatcher.php:192
PHP  27. call_user_func_array:{/home/vagrant/laravel5/vendor/laravel/framework/src/Illuminate/Container/Container.php:507}() /home/vagrant/laravel5/vendor/laravel/framework/src/Illuminate/Container/Container.php:507
PHP  28. App\Jobs\CreditAccountJob->handle() /home/vagrant/laravel5/vendor/laravel/framework/src/Illuminate/Container/Container.php:507
PHP  29. App\Lib\Payments\InterSwitch\CheckOut->confirmTransaction() /home/vagrant/laravel5/app/Jobs/CreditAccountJob.php:54
PHP  30. App\Repository\TransactionRepository::checkTransaction() /home/vagrant/laravel5/app/Lib/Payments/InterSwitch/CheckOut.php:43

                                                           
  [Symfony\Component\Debug\Exception\FatalErrorException]  
  Call to a member function transaction() on null          
                                                           

PHP Fatal error:  Call to a member function transaction() on null in /home/vagrant/laravel5/app/Repository/TransactionRepository.php on line 37
PHP Stack trace:
PHP   1. {main}() /home/vagrant/laravel5/artisan:0
PHP   2. Illuminate\Foundation\Console\Kernel->handle() /home/vagrant/laravel5/artisan:36
PHP   3. Symfony\Component\Console\Application->run() /home/vagrant/laravel5/vendor/laravel/framework/src/Illuminate/Foundation/Console/Kernel.php:107
PHP   4. Symfony\Component\Console\Application->doRun() /home/vagrant/laravel5/vendor/symfony/console/Application.php:120
PHP   5. Symfony\Component\Console\Application->doRunCommand() /home/vagrant/laravel5/vendor/symfony/console/Application.php:189
PHP   6. Illuminate\Console\Command->run() /home/vagrant/laravel5/vendor/symfony/console/Application.php:841
PHP   7. Symfony\Component\Console\Command\Command->run() /home/vagrant/laravel5/vendor/laravel/framework/src/Illuminate/Console/Command.php:136
PHP   8. Illuminate\Console\Command->execute() /home/vagrant/laravel5/vendor/symfony/console/Command/Command.php:256
PHP   9. Illuminate\Container\Container->call() /home/vagrant/laravel5/vendor/laravel/framework/src/Illuminate/Console/Command.php:150
PHP  10. call_user_func_array:{/home/vagrant/laravel5/vendor/laravel/framework/src/Illuminate/Container/Container.php:507}() /home/vagrant/laravel5/vendor/laravel/framework/src/Illuminate/Container/Container.php:507
PHP  11. Illuminate\Queue\Console\WorkCommand->fire() /home/vagrant/laravel5/vendor/laravel/framework/src/Illuminate/Container/Container.php:507
PHP  12. Illuminate\Queue\Console\WorkCommand->runWorker() /home/vagrant/laravel5/vendor/laravel/framework/src/Illuminate/Queue/Console/WorkCommand.php:71
PHP  13. Illuminate\Queue\Worker->daemon() /home/vagrant/laravel5/vendor/laravel/framework/src/Illuminate/Queue/Console/WorkCommand.php:103
PHP  14. Illuminate\Queue\Worker->runNextJobForDaemon() /home/vagrant/laravel5/vendor/laravel/framework/src/Illuminate/Queue/Worker.php:87
PHP  15. Illuminate\Queue\Worker->pop() /home/vagrant/laravel5/vendor/laravel/framework/src/Illuminate/Queue/Worker.php:111
PHP  16. Illuminate\Queue\Worker->process() /home/vagrant/laravel5/vendor/laravel/framework/src/Illuminate/Queue/Worker.php:159
PHP  17. Illuminate\Queue\Jobs\DatabaseJob->fire() /home/vagrant/laravel5/vendor/laravel/framework/src/Illuminate/Queue/Worker.php:208
PHP  18. Illuminate\Queue\Jobs\Job->resolveAndFire() /home/vagrant/laravel5/vendor/laravel/framework/src/Illuminate/Queue/Jobs/DatabaseJob.php:50
PHP  19. Illuminate\Queue\CallQueuedHandler->call() /home/vagrant/laravel5/vendor/laravel/framework/src/Illuminate/Queue/Jobs/Job.php:129
PHP  20. Illuminate\Bus\Dispatcher->dispatchNow() /home/vagrant/laravel5/vendor/laravel/framework/src/Illuminate/Queue/CallQueuedHandler.php:43
PHP  21. Illuminate\Pipeline\Pipeline->then() /home/vagrant/laravel5/vendor/laravel/framework/src/Illuminate/Bus/Dispatcher.php:204
PHP  22. call_user_func:{/home/vagrant/laravel5/vendor/laravel/framework/src/Illuminate/Pipeline/Pipeline.php:103}() /home/vagrant/laravel5/vendor/laravel/framework/src/Illuminate/Pipeline/Pipeline.php:103
PHP  23. Illuminate\Pipeline\Pipeline->Illuminate\Pipeline\{closure}() /home/vagrant/laravel5/vendor/laravel/framework/src/Illuminate/Pipeline/Pipeline.php:103
PHP  24. call_user_func:{/home/vagrant/laravel5/vendor/laravel/framework/src/Illuminate/Pipeline/Pipeline.php:139}() /home/vagrant/laravel5/vendor/laravel/framework/src/Illuminate/Pipeline/Pipeline.php:139
PHP  25. Illuminate\Bus\Dispatcher->Illuminate\Bus\{closure}() /home/vagrant/laravel5/vendor/laravel/framework/src/Illuminate/Pipeline/Pipeline.php:139
PHP  26. Illuminate\Container\Container->call() /home/vagrant/laravel5/vendor/laravel/framework/src/Illuminate/Bus/Dispatcher.php:192
PHP  27. call_user_func_array:{/home/vagrant/laravel5/vendor/laravel/framework/src/Illuminate/Container/Container.php:507}() /home/vagrant/laravel5/vendor/laravel/framework/src/Illuminate/Container/Container.php:507
PHP  28. App\Jobs\CreditAccountJob->handle() /home/vagrant/laravel5/vendor/laravel/framework/src/Illuminate/Container/Container.php:507
PHP  29. App\Lib\Payments\InterSwitch\CheckOut->confirmTransaction() /home/vagrant/laravel5/app/Jobs/CreditAccountJob.php:54
PHP  30. App\Repository\TransactionRepository::checkTransaction() /home/vagrant/laravel5/app/Lib/Payments/InterSwitch/CheckOut.php:43

                                                           
  [Symfony\Component\Debug\Exception\FatalErrorException]  
  Call to a member function transaction() on null          
                                                           

PHP Fatal error:  Call to a member function transaction() on null in /home/vagrant/laravel5/app/Repository/TransactionRepository.php on line 37
PHP Stack trace:
PHP   1. {main}() /home/vagrant/laravel5/artisan:0
PHP   2. Illuminate\Foundation\Console\Kernel->handle() /home/vagrant/laravel5/artisan:36
PHP   3. Symfony\Component\Console\Application->run() /home/vagrant/laravel5/vendor/laravel/framework/src/Illuminate/Foundation/Console/Kernel.php:107
PHP   4. Symfony\Component\Console\Application->doRun() /home/vagrant/laravel5/vendor/symfony/console/Application.php:120
PHP   5. Symfony\Component\Console\Application->doRunCommand() /home/vagrant/laravel5/vendor/symfony/console/Application.php:189
PHP   6. Illuminate\Console\Command->run() /home/vagrant/laravel5/vendor/symfony/console/Application.php:841
PHP   7. Symfony\Component\Console\Command\Command->run() /home/vagrant/laravel5/vendor/laravel/framework/src/Illuminate/Console/Command.php:136
PHP   8. Illuminate\Console\Command->execute() /home/vagrant/laravel5/vendor/symfony/console/Command/Command.php:256
PHP   9. Illuminate\Container\Container->call() /home/vagrant/laravel5/vendor/laravel/framework/src/Illuminate/Console/Command.php:150
PHP  10. call_user_func_array:{/home/vagrant/laravel5/vendor/laravel/framework/src/Illuminate/Container/Container.php:507}() /home/vagrant/laravel5/vendor/laravel/framework/src/Illuminate/Container/Container.php:507
PHP  11. Illuminate\Queue\Console\WorkCommand->fire() /home/vagrant/laravel5/vendor/laravel/framework/src/Illuminate/Container/Container.php:507
PHP  12. Illuminate\Queue\Console\WorkCommand->runWorker() /home/vagrant/laravel5/vendor/laravel/framework/src/Illuminate/Queue/Console/WorkCommand.php:71
PHP  13. Illuminate\Queue\Worker->daemon() /home/vagrant/laravel5/vendor/laravel/framework/src/Illuminate/Queue/Console/WorkCommand.php:103
PHP  14. Illuminate\Queue\Worker->runNextJobForDaemon() /home/vagrant/laravel5/vendor/laravel/framework/src/Illuminate/Queue/Worker.php:87
PHP  15. Illuminate\Queue\Worker->pop() /home/vagrant/laravel5/vendor/laravel/framework/src/Illuminate/Queue/Worker.php:111
PHP  16. Illuminate\Queue\Worker->process() /home/vagrant/laravel5/vendor/laravel/framework/src/Illuminate/Queue/Worker.php:159
PHP  17. Illuminate\Queue\Jobs\DatabaseJob->fire() /home/vagrant/laravel5/vendor/laravel/framework/src/Illuminate/Queue/Worker.php:208
PHP  18. Illuminate\Queue\Jobs\Job->resolveAndFire() /home/vagrant/laravel5/vendor/laravel/framework/src/Illuminate/Queue/Jobs/DatabaseJob.php:50
PHP  19. Illuminate\Queue\CallQueuedHandler->call() /home/vagrant/laravel5/vendor/laravel/framework/src/Illuminate/Queue/Jobs/Job.php:129
PHP  20. Illuminate\Bus\Dispatcher->dispatchNow() /home/vagrant/laravel5/vendor/laravel/framework/src/Illuminate/Queue/CallQueuedHandler.php:43
PHP  21. Illuminate\Pipeline\Pipeline->then() /home/vagrant/laravel5/vendor/laravel/framework/src/Illuminate/Bus/Dispatcher.php:204
PHP  22. call_user_func:{/home/vagrant/laravel5/vendor/laravel/framework/src/Illuminate/Pipeline/Pipeline.php:103}() /home/vagrant/laravel5/vendor/laravel/framework/src/Illuminate/Pipeline/Pipeline.php:103
PHP  23. Illuminate\Pipeline\Pipeline->Illuminate\Pipeline\{closure}() /home/vagrant/laravel5/vendor/laravel/framework/src/Illuminate/Pipeline/Pipeline.php:103
PHP  24. call_user_func:{/home/vagrant/laravel5/vendor/laravel/framework/src/Illuminate/Pipeline/Pipeline.php:139}() /home/vagrant/laravel5/vendor/laravel/framework/src/Illuminate/Pipeline/Pipeline.php:139
PHP  25. Illuminate\Bus\Dispatcher->Illuminate\Bus\{closure}() /home/vagrant/laravel5/vendor/laravel/framework/src/Illuminate/Pipeline/Pipeline.php:139
PHP  26. Illuminate\Container\Container->call() /home/vagrant/laravel5/vendor/laravel/framework/src/Illuminate/Bus/Dispatcher.php:192
PHP  27. call_user_func_array:{/home/vagrant/laravel5/vendor/laravel/framework/src/Illuminate/Container/Container.php:507}() /home/vagrant/laravel5/vendor/laravel/framework/src/Illuminate/Container/Container.php:507
PHP  28. App\Jobs\CreditAccountJob->handle() /home/vagrant/laravel5/vendor/laravel/framework/src/Illuminate/Container/Container.php:507
PHP  29. App\Lib\Payments\InterSwitch\CheckOut->confirmTransaction() /home/vagrant/laravel5/app/Jobs/CreditAccountJob.php:54
PHP  30. App\Repository\TransactionRepository::checkTransaction() /home/vagrant/laravel5/app/Lib/Payments/InterSwitch/CheckOut.php:43

                                                           
  [Symfony\Component\Debug\Exception\FatalErrorException]  
  Call to a member function transaction() on null          
                                                           

PHP Fatal error:  Call to a member function transaction() on null in /home/vagrant/laravel5/app/Repository/TransactionRepository.php on line 37
PHP Stack trace:
PHP   1. {main}() /home/vagrant/laravel5/artisan:0
PHP   2. Illuminate\Foundation\Console\Kernel->handle() /home/vagrant/laravel5/artisan:36
PHP   3. Symfony\Component\Console\Application->run() /home/vagrant/laravel5/vendor/laravel/framework/src/Illuminate/Foundation/Console/Kernel.php:107
PHP   4. Symfony\Component\Console\Application->doRun() /home/vagrant/laravel5/vendor/symfony/console/Application.php:120
PHP   5. Symfony\Component\Console\Application->doRunCommand() /home/vagrant/laravel5/vendor/symfony/console/Application.php:189
PHP   6. Illuminate\Console\Command->run() /home/vagrant/laravel5/vendor/symfony/console/Application.php:841
PHP   7. Symfony\Component\Console\Command\Command->run() /home/vagrant/laravel5/vendor/laravel/framework/src/Illuminate/Console/Command.php:136
PHP   8. Illuminate\Console\Command->execute() /home/vagrant/laravel5/vendor/symfony/console/Command/Command.php:256
PHP   9. Illuminate\Container\Container->call() /home/vagrant/laravel5/vendor/laravel/framework/src/Illuminate/Console/Command.php:150
PHP  10. call_user_func_array:{/home/vagrant/laravel5/vendor/laravel/framework/src/Illuminate/Container/Container.php:507}() /home/vagrant/laravel5/vendor/laravel/framework/src/Illuminate/Container/Container.php:507
PHP  11. Illuminate\Queue\Console\WorkCommand->fire() /home/vagrant/laravel5/vendor/laravel/framework/src/Illuminate/Container/Container.php:507
PHP  12. Illuminate\Queue\Console\WorkCommand->runWorker() /home/vagrant/laravel5/vendor/laravel/framework/src/Illuminate/Queue/Console/WorkCommand.php:71
PHP  13. Illuminate\Queue\Worker->daemon() /home/vagrant/laravel5/vendor/laravel/framework/src/Illuminate/Queue/Console/WorkCommand.php:103
PHP  14. Illuminate\Queue\Worker->runNextJobForDaemon() /home/vagrant/laravel5/vendor/laravel/framework/src/Illuminate/Queue/Worker.php:87
PHP  15. Illuminate\Queue\Worker->pop() /home/vagrant/laravel5/vendor/laravel/framework/src/Illuminate/Queue/Worker.php:111
PHP  16. Illuminate\Queue\Worker->process() /home/vagrant/laravel5/vendor/laravel/framework/src/Illuminate/Queue/Worker.php:159
PHP  17. Illuminate\Queue\Jobs\DatabaseJob->fire() /home/vagrant/laravel5/vendor/laravel/framework/src/Illuminate/Queue/Worker.php:208
PHP  18. Illuminate\Queue\Jobs\Job->resolveAndFire() /home/vagrant/laravel5/vendor/laravel/framework/src/Illuminate/Queue/Jobs/DatabaseJob.php:50
PHP  19. Illuminate\Queue\CallQueuedHandler->call() /home/vagrant/laravel5/vendor/laravel/framework/src/Illuminate/Queue/Jobs/Job.php:129
PHP  20. Illuminate\Bus\Dispatcher->dispatchNow() /home/vagrant/laravel5/vendor/laravel/framework/src/Illuminate/Queue/CallQueuedHandler.php:43
PHP  21. Illuminate\Pipeline\Pipeline->then() /home/vagrant/laravel5/vendor/laravel/framework/src/Illuminate/Bus/Dispatcher.php:204
PHP  22. call_user_func:{/home/vagrant/laravel5/vendor/laravel/framework/src/Illuminate/Pipeline/Pipeline.php:103}() /home/vagrant/laravel5/vendor/laravel/framework/src/Illuminate/Pipeline/Pipeline.php:103
PHP  23. Illuminate\Pipeline\Pipeline->Illuminate\Pipeline\{closure}() /home/vagrant/laravel5/vendor/laravel/framework/src/Illuminate/Pipeline/Pipeline.php:103
PHP  24. call_user_func:{/home/vagrant/laravel5/vendor/laravel/framework/src/Illuminate/Pipeline/Pipeline.php:139}() /home/vagrant/laravel5/vendor/laravel/framework/src/Illuminate/Pipeline/Pipeline.php:139
PHP  25. Illuminate\Bus\Dispatcher->Illuminate\Bus\{closure}() /home/vagrant/laravel5/vendor/laravel/framework/src/Illuminate/Pipeline/Pipeline.php:139
PHP  26. Illuminate\Container\Container->call() /home/vagrant/laravel5/vendor/laravel/framework/src/Illuminate/Bus/Dispatcher.php:192
PHP  27. call_user_func_array:{/home/vagrant/laravel5/vendor/laravel/framework/src/Illuminate/Container/Container.php:507}() /home/vagrant/laravel5/vendor/laravel/framework/src/Illuminate/Container/Container.php:507
PHP  28. App\Jobs\CreditAccountJob->handle() /home/vagrant/laravel5/vendor/laravel/framework/src/Illuminate/Container/Container.php:507
PHP  29. App\Lib\Payments\InterSwitch\CheckOut->confirmTransaction() /home/vagrant/laravel5/app/Jobs/CreditAccountJob.php:54
PHP  30. App\Repository\TransactionRepository::checkTransaction() /home/vagrant/laravel5/app/Lib/Payments/InterSwitch/CheckOut.php:43

                                                           
  [Symfony\Component\Debug\Exception\FatalErrorException]  
  Call to a member function transaction() on null          
                                                           

PHP Fatal error:  Call to a member function transaction() on null in /home/vagrant/laravel5/app/Repository/TransactionRepository.php on line 37
PHP Stack trace:
PHP   1. {main}() /home/vagrant/laravel5/artisan:0
PHP   2. Illuminate\Foundation\Console\Kernel->handle() /home/vagrant/laravel5/artisan:36
PHP   3. Symfony\Component\Console\Application->run() /home/vagrant/laravel5/vendor/laravel/framework/src/Illuminate/Foundation/Console/Kernel.php:107
PHP   4. Symfony\Component\Console\Application->doRun() /home/vagrant/laravel5/vendor/symfony/console/Application.php:120
PHP   5. Symfony\Component\Console\Application->doRunCommand() /home/vagrant/laravel5/vendor/symfony/console/Application.php:189
PHP   6. Illuminate\Console\Command->run() /home/vagrant/laravel5/vendor/symfony/console/Application.php:841
PHP   7. Symfony\Component\Console\Command\Command->run() /home/vagrant/laravel5/vendor/laravel/framework/src/Illuminate/Console/Command.php:136
PHP   8. Illuminate\Console\Command->execute() /home/vagrant/laravel5/vendor/symfony/console/Command/Command.php:256
PHP   9. Illuminate\Container\Container->call() /home/vagrant/laravel5/vendor/laravel/framework/src/Illuminate/Console/Command.php:150
PHP  10. call_user_func_array:{/home/vagrant/laravel5/vendor/laravel/framework/src/Illuminate/Container/Container.php:507}() /home/vagrant/laravel5/vendor/laravel/framework/src/Illuminate/Container/Container.php:507
PHP  11. Illuminate\Queue\Console\WorkCommand->fire() /home/vagrant/laravel5/vendor/laravel/framework/src/Illuminate/Container/Container.php:507
PHP  12. Illuminate\Queue\Console\WorkCommand->runWorker() /home/vagrant/laravel5/vendor/laravel/framework/src/Illuminate/Queue/Console/WorkCommand.php:71
PHP  13. Illuminate\Queue\Worker->daemon() /home/vagrant/laravel5/vendor/laravel/framework/src/Illuminate/Queue/Console/WorkCommand.php:103
PHP  14. Illuminate\Queue\Worker->runNextJobForDaemon() /home/vagrant/laravel5/vendor/laravel/framework/src/Illuminate/Queue/Worker.php:87
PHP  15. Illuminate\Queue\Worker->pop() /home/vagrant/laravel5/vendor/laravel/framework/src/Illuminate/Queue/Worker.php:111
PHP  16. Illuminate\Queue\Worker->process() /home/vagrant/laravel5/vendor/laravel/framework/src/Illuminate/Queue/Worker.php:159
PHP  17. Illuminate\Queue\Jobs\DatabaseJob->fire() /home/vagrant/laravel5/vendor/laravel/framework/src/Illuminate/Queue/Worker.php:208
PHP  18. Illuminate\Queue\Jobs\Job->resolveAndFire() /home/vagrant/laravel5/vendor/laravel/framework/src/Illuminate/Queue/Jobs/DatabaseJob.php:50
PHP  19. Illuminate\Queue\CallQueuedHandler->call() /home/vagrant/laravel5/vendor/laravel/framework/src/Illuminate/Queue/Jobs/Job.php:129
PHP  20. Illuminate\Bus\Dispatcher->dispatchNow() /home/vagrant/laravel5/vendor/laravel/framework/src/Illuminate/Queue/CallQueuedHandler.php:43
PHP  21. Illuminate\Pipeline\Pipeline->then() /home/vagrant/laravel5/vendor/laravel/framework/src/Illuminate/Bus/Dispatcher.php:204
PHP  22. call_user_func:{/home/vagrant/laravel5/vendor/laravel/framework/src/Illuminate/Pipeline/Pipeline.php:103}() /home/vagrant/laravel5/vendor/laravel/framework/src/Illuminate/Pipeline/Pipeline.php:103
PHP  23. Illuminate\Pipeline\Pipeline->Illuminate\Pipeline\{closure}() /home/vagrant/laravel5/vendor/laravel/framework/src/Illuminate/Pipeline/Pipeline.php:103
PHP  24. call_user_func:{/home/vagrant/laravel5/vendor/laravel/framework/src/Illuminate/Pipeline/Pipeline.php:139}() /home/vagrant/laravel5/vendor/laravel/framework/src/Illuminate/Pipeline/Pipeline.php:139
PHP  25. Illuminate\Bus\Dispatcher->Illuminate\Bus\{closure}() /home/vagrant/laravel5/vendor/laravel/framework/src/Illuminate/Pipeline/Pipeline.php:139
PHP  26. Illuminate\Container\Container->call() /home/vagrant/laravel5/vendor/laravel/framework/src/Illuminate/Bus/Dispatcher.php:192
PHP  27. call_user_func_array:{/home/vagrant/laravel5/vendor/laravel/framework/src/Illuminate/Container/Container.php:507}() /home/vagrant/laravel5/vendor/laravel/framework/src/Illuminate/Container/Container.php:507
PHP  28. App\Jobs\CreditAccountJob->handle() /home/vagrant/laravel5/vendor/laravel/framework/src/Illuminate/Container/Container.php:507
PHP  29. App\Lib\Payments\InterSwitch\CheckOut->confirmTransaction() /home/vagrant/laravel5/app/Jobs/CreditAccountJob.php:54
PHP  30. App\Repository\TransactionRepository::checkTransaction() /home/vagrant/laravel5/app/Lib/Payments/InterSwitch/CheckOut.php:43

                                                           
  [Symfony\Component\Debug\Exception\FatalErrorException]  
  Call to a member function transaction() on null          
                                                           

PHP Fatal error:  Call to a member function transaction() on null in /home/vagrant/laravel5/app/Repository/TransactionRepository.php on line 37
PHP Stack trace:
PHP   1. {main}() /home/vagrant/laravel5/artisan:0
PHP   2. Illuminate\Foundation\Console\Kernel->handle() /home/vagrant/laravel5/artisan:36
PHP   3. Symfony\Component\Console\Application->run() /home/vagrant/laravel5/vendor/laravel/framework/src/Illuminate/Foundation/Console/Kernel.php:107
PHP   4. Symfony\Component\Console\Application->doRun() /home/vagrant/laravel5/vendor/symfony/console/Application.php:120
PHP   5. Symfony\Component\Console\Application->doRunCommand() /home/vagrant/laravel5/vendor/symfony/console/Application.php:189
PHP   6. Illuminate\Console\Command->run() /home/vagrant/laravel5/vendor/symfony/console/Application.php:841
PHP   7. Symfony\Component\Console\Command\Command->run() /home/vagrant/laravel5/vendor/laravel/framework/src/Illuminate/Console/Command.php:136
PHP   8. Illuminate\Console\Command->execute() /home/vagrant/laravel5/vendor/symfony/console/Command/Command.php:256
PHP   9. Illuminate\Container\Container->call() /home/vagrant/laravel5/vendor/laravel/framework/src/Illuminate/Console/Command.php:150
PHP  10. call_user_func_array:{/home/vagrant/laravel5/vendor/laravel/framework/src/Illuminate/Container/Container.php:507}() /home/vagrant/laravel5/vendor/laravel/framework/src/Illuminate/Container/Container.php:507
PHP  11. Illuminate\Queue\Console\WorkCommand->fire() /home/vagrant/laravel5/vendor/laravel/framework/src/Illuminate/Container/Container.php:507
PHP  12. Illuminate\Queue\Console\WorkCommand->runWorker() /home/vagrant/laravel5/vendor/laravel/framework/src/Illuminate/Queue/Console/WorkCommand.php:71
PHP  13. Illuminate\Queue\Worker->daemon() /home/vagrant/laravel5/vendor/laravel/framework/src/Illuminate/Queue/Console/WorkCommand.php:103
PHP  14. Illuminate\Queue\Worker->runNextJobForDaemon() /home/vagrant/laravel5/vendor/laravel/framework/src/Illuminate/Queue/Worker.php:87
PHP  15. Illuminate\Queue\Worker->pop() /home/vagrant/laravel5/vendor/laravel/framework/src/Illuminate/Queue/Worker.php:111
PHP  16. Illuminate\Queue\Worker->process() /home/vagrant/laravel5/vendor/laravel/framework/src/Illuminate/Queue/Worker.php:159
PHP  17. Illuminate\Queue\Jobs\DatabaseJob->fire() /home/vagrant/laravel5/vendor/laravel/framework/src/Illuminate/Queue/Worker.php:208
PHP  18. Illuminate\Queue\Jobs\Job->resolveAndFire() /home/vagrant/laravel5/vendor/laravel/framework/src/Illuminate/Queue/Jobs/DatabaseJob.php:50
PHP  19. Illuminate\Queue\CallQueuedHandler->call() /home/vagrant/laravel5/vendor/laravel/framework/src/Illuminate/Queue/Jobs/Job.php:129
PHP  20. Illuminate\Bus\Dispatcher->dispatchNow() /home/vagrant/laravel5/vendor/laravel/framework/src/Illuminate/Queue/CallQueuedHandler.php:43
PHP  21. Illuminate\Pipeline\Pipeline->then() /home/vagrant/laravel5/vendor/laravel/framework/src/Illuminate/Bus/Dispatcher.php:204
PHP  22. call_user_func:{/home/vagrant/laravel5/vendor/laravel/framework/src/Illuminate/Pipeline/Pipeline.php:103}() /home/vagrant/laravel5/vendor/laravel/framework/src/Illuminate/Pipeline/Pipeline.php:103
PHP  23. Illuminate\Pipeline\Pipeline->Illuminate\Pipeline\{closure}() /home/vagrant/laravel5/vendor/laravel/framework/src/Illuminate/Pipeline/Pipeline.php:103
PHP  24. call_user_func:{/home/vagrant/laravel5/vendor/laravel/framework/src/Illuminate/Pipeline/Pipeline.php:139}() /home/vagrant/laravel5/vendor/laravel/framework/src/Illuminate/Pipeline/Pipeline.php:139
PHP  25. Illuminate\Bus\Dispatcher->Illuminate\Bus\{closure}() /home/vagrant/laravel5/vendor/laravel/framework/src/Illuminate/Pipeline/Pipeline.php:139
PHP  26. Illuminate\Container\Container->call() /home/vagrant/laravel5/vendor/laravel/framework/src/Illuminate/Bus/Dispatcher.php:192
PHP  27. call_user_func_array:{/home/vagrant/laravel5/vendor/laravel/framework/src/Illuminate/Container/Container.php:507}() /home/vagrant/laravel5/vendor/laravel/framework/src/Illuminate/Container/Container.php:507
PHP  28. App\Jobs\CreditAccountJob->handle() /home/vagrant/laravel5/vendor/laravel/framework/src/Illuminate/Container/Container.php:507
PHP  29. App\Lib\Payments\InterSwitch\CheckOut->confirmTransaction() /home/vagrant/laravel5/app/Jobs/CreditAccountJob.php:54
PHP  30. App\Repository\TransactionRepository::checkTransaction() /home/vagrant/laravel5/app/Lib/Payments/InterSwitch/CheckOut.php:43

                                                           
  [Symfony\Component\Debug\Exception\FatalErrorException]  
  Call to a member function transaction() on null          
                                                           

PHP Fatal error:  Call to a member function transaction() on null in /home/vagrant/laravel5/app/Jobs/CreditAccountJob.php on line 55
PHP Stack trace:
PHP   1. {main}() /home/vagrant/laravel5/artisan:0
PHP   2. Illuminate\Foundation\Console\Kernel->handle() /home/vagrant/laravel5/artisan:36
PHP   3. Symfony\Component\Console\Application->run() /home/vagrant/laravel5/vendor/laravel/framework/src/Illuminate/Foundation/Console/Kernel.php:107
PHP   4. Symfony\Component\Console\Application->doRun() /home/vagrant/laravel5/vendor/symfony/console/Application.php:120
PHP   5. Symfony\Component\Console\Application->doRunCommand() /home/vagrant/laravel5/vendor/symfony/console/Application.php:189
PHP   6. Illuminate\Console\Command->run() /home/vagrant/laravel5/vendor/symfony/console/Application.php:841
PHP   7. Symfony\Component\Console\Command\Command->run() /home/vagrant/laravel5/vendor/laravel/framework/src/Illuminate/Console/Command.php:136
PHP   8. Illuminate\Console\Command->execute() /home/vagrant/laravel5/vendor/symfony/console/Command/Command.php:256
PHP   9. Illuminate\Container\Container->call() /home/vagrant/laravel5/vendor/laravel/framework/src/Illuminate/Console/Command.php:150
PHP  10. call_user_func_array:{/home/vagrant/laravel5/vendor/laravel/framework/src/Illuminate/Container/Container.php:507}() /home/vagrant/laravel5/vendor/laravel/framework/src/Illuminate/Container/Container.php:507
PHP  11. Illuminate\Queue\Console\WorkCommand->fire() /home/vagrant/laravel5/vendor/laravel/framework/src/Illuminate/Container/Container.php:507
PHP  12. Illuminate\Queue\Console\WorkCommand->runWorker() /home/vagrant/laravel5/vendor/laravel/framework/src/Illuminate/Queue/Console/WorkCommand.php:71
PHP  13. Illuminate\Queue\Worker->daemon() /home/vagrant/laravel5/vendor/laravel/framework/src/Illuminate/Queue/Console/WorkCommand.php:103
PHP  14. Illuminate\Queue\Worker->runNextJobForDaemon() /home/vagrant/laravel5/vendor/laravel/framework/src/Illuminate/Queue/Worker.php:87
PHP  15. Illuminate\Queue\Worker->pop() /home/vagrant/laravel5/vendor/laravel/framework/src/Illuminate/Queue/Worker.php:111
PHP  16. Illuminate\Queue\Worker->process() /home/vagrant/laravel5/vendor/laravel/framework/src/Illuminate/Queue/Worker.php:159
PHP  17. Illuminate\Queue\Jobs\DatabaseJob->fire() /home/vagrant/laravel5/vendor/laravel/framework/src/Illuminate/Queue/Worker.php:208
PHP  18. Illuminate\Queue\Jobs\Job->resolveAndFire() /home/vagrant/laravel5/vendor/laravel/framework/src/Illuminate/Queue/Jobs/DatabaseJob.php:50
PHP  19. Illuminate\Queue\CallQueuedHandler->call() /home/vagrant/laravel5/vendor/laravel/framework/src/Illuminate/Queue/Jobs/Job.php:129
PHP  20. Illuminate\Bus\Dispatcher->dispatchNow() /home/vagrant/laravel5/vendor/laravel/framework/src/Illuminate/Queue/CallQueuedHandler.php:43
PHP  21. Illuminate\Pipeline\Pipeline->then() /home/vagrant/laravel5/vendor/laravel/framework/src/Illuminate/Bus/Dispatcher.php:204
PHP  22. call_user_func:{/home/vagrant/laravel5/vendor/laravel/framework/src/Illuminate/Pipeline/Pipeline.php:103}() /home/vagrant/laravel5/vendor/laravel/framework/src/Illuminate/Pipeline/Pipeline.php:103
PHP  23. Illuminate\Pipeline\Pipeline->Illuminate\Pipeline\{closure}() /home/vagrant/laravel5/vendor/laravel/framework/src/Illuminate/Pipeline/Pipeline.php:103
PHP  24. call_user_func:{/home/vagrant/laravel5/vendor/laravel/framework/src/Illuminate/Pipeline/Pipeline.php:139}() /home/vagrant/laravel5/vendor/laravel/framework/src/Illuminate/Pipeline/Pipeline.php:139
PHP  25. Illuminate\Bus\Dispatcher->Illuminate\Bus\{closure}() /home/vagrant/laravel5/vendor/laravel/framework/src/Illuminate/Pipeline/Pipeline.php:139
PHP  26. Illuminate\Container\Container->call() /home/vagrant/laravel5/vendor/laravel/framework/src/Illuminate/Bus/Dispatcher.php:192
PHP  27. call_user_func_array:{/home/vagrant/laravel5/vendor/laravel/framework/src/Illuminate/Container/Container.php:507}() /home/vagrant/laravel5/vendor/laravel/framework/src/Illuminate/Container/Container.php:507
PHP  28. App\Jobs\CreditAccountJob->handle() /home/vagrant/laravel5/vendor/laravel/framework/src/Illuminate/Container/Container.php:507

                                                           
  [Symfony\Component\Debug\Exception\FatalErrorException]  
  Call to a member function transaction() on null          
                                                           

PHP Fatal error:  Call to a member function transaction() on null in /home/vagrant/laravel5/app/Repository/TransactionRepository.php on line 37
PHP Stack trace:
PHP   1. {main}() /home/vagrant/laravel5/artisan:0
PHP   2. Illuminate\Foundation\Console\Kernel->handle() /home/vagrant/laravel5/artisan:36
PHP   3. Symfony\Component\Console\Application->run() /home/vagrant/laravel5/vendor/laravel/framework/src/Illuminate/Foundation/Console/Kernel.php:107
PHP   4. Symfony\Component\Console\Application->doRun() /home/vagrant/laravel5/vendor/symfony/console/Application.php:120
PHP   5. Symfony\Component\Console\Application->doRunCommand() /home/vagrant/laravel5/vendor/symfony/console/Application.php:189
PHP   6. Illuminate\Console\Command->run() /home/vagrant/laravel5/vendor/symfony/console/Application.php:841
PHP   7. Symfony\Component\Console\Command\Command->run() /home/vagrant/laravel5/vendor/laravel/framework/src/Illuminate/Console/Command.php:136
PHP   8. Illuminate\Console\Command->execute() /home/vagrant/laravel5/vendor/symfony/console/Command/Command.php:256
PHP   9. Illuminate\Container\Container->call() /home/vagrant/laravel5/vendor/laravel/framework/src/Illuminate/Console/Command.php:150
PHP  10. call_user_func_array:{/home/vagrant/laravel5/vendor/laravel/framework/src/Illuminate/Container/Container.php:507}() /home/vagrant/laravel5/vendor/laravel/framework/src/Illuminate/Container/Container.php:507
PHP  11. Illuminate\Queue\Console\WorkCommand->fire() /home/vagrant/laravel5/vendor/laravel/framework/src/Illuminate/Container/Container.php:507
PHP  12. Illuminate\Queue\Console\WorkCommand->runWorker() /home/vagrant/laravel5/vendor/laravel/framework/src/Illuminate/Queue/Console/WorkCommand.php:71
PHP  13. Illuminate\Queue\Worker->daemon() /home/vagrant/laravel5/vendor/laravel/framework/src/Illuminate/Queue/Console/WorkCommand.php:103
PHP  14. Illuminate\Queue\Worker->runNextJobForDaemon() /home/vagrant/laravel5/vendor/laravel/framework/src/Illuminate/Queue/Worker.php:87
PHP  15. Illuminate\Queue\Worker->pop() /home/vagrant/laravel5/vendor/laravel/framework/src/Illuminate/Queue/Worker.php:111
PHP  16. Illuminate\Queue\Worker->process() /home/vagrant/laravel5/vendor/laravel/framework/src/Illuminate/Queue/Worker.php:159
PHP  17. Illuminate\Queue\Jobs\DatabaseJob->fire() /home/vagrant/laravel5/vendor/laravel/framework/src/Illuminate/Queue/Worker.php:208
PHP  18. Illuminate\Queue\Jobs\Job->resolveAndFire() /home/vagrant/laravel5/vendor/laravel/framework/src/Illuminate/Queue/Jobs/DatabaseJob.php:50
PHP  19. Illuminate\Queue\CallQueuedHandler->call() /home/vagrant/laravel5/vendor/laravel/framework/src/Illuminate/Queue/Jobs/Job.php:129
PHP  20. Illuminate\Bus\Dispatcher->dispatchNow() /home/vagrant/laravel5/vendor/laravel/framework/src/Illuminate/Queue/CallQueuedHandler.php:43
PHP  21. Illuminate\Pipeline\Pipeline->then() /home/vagrant/laravel5/vendor/laravel/framework/src/Illuminate/Bus/Dispatcher.php:204
PHP  22. call_user_func:{/home/vagrant/laravel5/vendor/laravel/framework/src/Illuminate/Pipeline/Pipeline.php:103}() /home/vagrant/laravel5/vendor/laravel/framework/src/Illuminate/Pipeline/Pipeline.php:103
PHP  23. Illuminate\Pipeline\Pipeline->Illuminate\Pipeline\{closure}() /home/vagrant/laravel5/vendor/laravel/framework/src/Illuminate/Pipeline/Pipeline.php:103
PHP  24. call_user_func:{/home/vagrant/laravel5/vendor/laravel/framework/src/Illuminate/Pipeline/Pipeline.php:139}() /home/vagrant/laravel5/vendor/laravel/framework/src/Illuminate/Pipeline/Pipeline.php:139
PHP  25. Illuminate\Bus\Dispatcher->Illuminate\Bus\{closure}() /home/vagrant/laravel5/vendor/laravel/framework/src/Illuminate/Pipeline/Pipeline.php:139
PHP  26. Illuminate\Container\Container->call() /home/vagrant/laravel5/vendor/laravel/framework/src/Illuminate/Bus/Dispatcher.php:192
PHP  27. call_user_func_array:{/home/vagrant/laravel5/vendor/laravel/framework/src/Illuminate/Container/Container.php:507}() /home/vagrant/laravel5/vendor/laravel/framework/src/Illuminate/Container/Container.php:507
PHP  28. App\Jobs\CreditAccountJob->handle() /home/vagrant/laravel5/vendor/laravel/framework/src/Illuminate/Container/Container.php:507
PHP  29. App\Lib\Payments\InterSwitch\CheckOut->confirmTransaction() /home/vagrant/laravel5/app/Jobs/CreditAccountJob.php:54
PHP  30. App\Repository\TransactionRepository::checkTransaction() /home/vagrant/laravel5/app/Lib/Payments/InterSwitch/CheckOut.php:43

                                                           
  [Symfony\Component\Debug\Exception\FatalErrorException]  
  Call to a member function transaction() on null          
                                                           

PHP Fatal error:  Call to a member function transaction() on null in /home/vagrant/laravel5/app/Jobs/CreditAccountJob.php on line 55
PHP Stack trace:
PHP   1. {main}() /home/vagrant/laravel5/artisan:0
PHP   2. Illuminate\Foundation\Console\Kernel->handle() /home/vagrant/laravel5/artisan:36
PHP   3. Symfony\Component\Console\Application->run() /home/vagrant/laravel5/vendor/laravel/framework/src/Illuminate/Foundation/Console/Kernel.php:107
PHP   4. Symfony\Component\Console\Application->doRun() /home/vagrant/laravel5/vendor/symfony/console/Application.php:120
PHP   5. Symfony\Component\Console\Application->doRunCommand() /home/vagrant/laravel5/vendor/symfony/console/Application.php:189
PHP   6. Illuminate\Console\Command->run() /home/vagrant/laravel5/vendor/symfony/console/Application.php:841
PHP   7. Symfony\Component\Console\Command\Command->run() /home/vagrant/laravel5/vendor/laravel/framework/src/Illuminate/Console/Command.php:136
PHP   8. Illuminate\Console\Command->execute() /home/vagrant/laravel5/vendor/symfony/console/Command/Command.php:256
PHP   9. Illuminate\Container\Container->call() /home/vagrant/laravel5/vendor/laravel/framework/src/Illuminate/Console/Command.php:150
PHP  10. call_user_func_array:{/home/vagrant/laravel5/vendor/laravel/framework/src/Illuminate/Container/Container.php:507}() /home/vagrant/laravel5/vendor/laravel/framework/src/Illuminate/Container/Container.php:507
PHP  11. Illuminate\Queue\Console\WorkCommand->fire() /home/vagrant/laravel5/vendor/laravel/framework/src/Illuminate/Container/Container.php:507
PHP  12. Illuminate\Queue\Console\WorkCommand->runWorker() /home/vagrant/laravel5/vendor/laravel/framework/src/Illuminate/Queue/Console/WorkCommand.php:71
PHP  13. Illuminate\Queue\Worker->daemon() /home/vagrant/laravel5/vendor/laravel/framework/src/Illuminate/Queue/Console/WorkCommand.php:103
PHP  14. Illuminate\Queue\Worker->runNextJobForDaemon() /home/vagrant/laravel5/vendor/laravel/framework/src/Illuminate/Queue/Worker.php:87
PHP  15. Illuminate\Queue\Worker->pop() /home/vagrant/laravel5/vendor/laravel/framework/src/Illuminate/Queue/Worker.php:111
PHP  16. Illuminate\Queue\Worker->process() /home/vagrant/laravel5/vendor/laravel/framework/src/Illuminate/Queue/Worker.php:159
PHP  17. Illuminate\Queue\Jobs\DatabaseJob->fire() /home/vagrant/laravel5/vendor/laravel/framework/src/Illuminate/Queue/Worker.php:208
PHP  18. Illuminate\Queue\Jobs\Job->resolveAndFire() /home/vagrant/laravel5/vendor/laravel/framework/src/Illuminate/Queue/Jobs/DatabaseJob.php:50
PHP  19. Illuminate\Queue\CallQueuedHandler->call() /home/vagrant/laravel5/vendor/laravel/framework/src/Illuminate/Queue/Jobs/Job.php:129
PHP  20. Illuminate\Bus\Dispatcher->dispatchNow() /home/vagrant/laravel5/vendor/laravel/framework/src/Illuminate/Queue/CallQueuedHandler.php:43
PHP  21. Illuminate\Pipeline\Pipeline->then() /home/vagrant/laravel5/vendor/laravel/framework/src/Illuminate/Bus/Dispatcher.php:204
PHP  22. call_user_func:{/home/vagrant/laravel5/vendor/laravel/framework/src/Illuminate/Pipeline/Pipeline.php:103}() /home/vagrant/laravel5/vendor/laravel/framework/src/Illuminate/Pipeline/Pipeline.php:103
PHP  23. Illuminate\Pipeline\Pipeline->Illuminate\Pipeline\{closure}() /home/vagrant/laravel5/vendor/laravel/framework/src/Illuminate/Pipeline/Pipeline.php:103
PHP  24. call_user_func:{/home/vagrant/laravel5/vendor/laravel/framework/src/Illuminate/Pipeline/Pipeline.php:139}() /home/vagrant/laravel5/vendor/laravel/framework/src/Illuminate/Pipeline/Pipeline.php:139
PHP  25. Illuminate\Bus\Dispatcher->Illuminate\Bus\{closure}() /home/vagrant/laravel5/vendor/laravel/framework/src/Illuminate/Pipeline/Pipeline.php:139
PHP  26. Illuminate\Container\Container->call() /home/vagrant/laravel5/vendor/laravel/framework/src/Illuminate/Bus/Dispatcher.php:192
PHP  27. call_user_func_array:{/home/vagrant/laravel5/vendor/laravel/framework/src/Illuminate/Container/Container.php:507}() /home/vagrant/laravel5/vendor/laravel/framework/src/Illuminate/Container/Container.php:507
PHP  28. App\Jobs\CreditAccountJob->handle() /home/vagrant/laravel5/vendor/laravel/framework/src/Illuminate/Container/Container.php:507

                                                           
  [Symfony\Component\Debug\Exception\FatalErrorException]  
  Call to a member function transaction() on null          
                                                           

PHP Fatal error:  Call to a member function transaction() on null in /home/vagrant/laravel5/app/Jobs/CreditAccountJob.php on line 55
PHP Stack trace:
PHP   1. {main}() /home/vagrant/laravel5/artisan:0
PHP   2. Illuminate\Foundation\Console\Kernel->handle() /home/vagrant/laravel5/artisan:36
PHP   3. Symfony\Component\Console\Application->run() /home/vagrant/laravel5/vendor/laravel/framework/src/Illuminate/Foundation/Console/Kernel.php:107
PHP   4. Symfony\Component\Console\Application->doRun() /home/vagrant/laravel5/vendor/symfony/console/Application.php:120
PHP   5. Symfony\Component\Console\Application->doRunCommand() /home/vagrant/laravel5/vendor/symfony/console/Application.php:189
PHP   6. Illuminate\Console\Command->run() /home/vagrant/laravel5/vendor/symfony/console/Application.php:841
PHP   7. Symfony\Component\Console\Command\Command->run() /home/vagrant/laravel5/vendor/laravel/framework/src/Illuminate/Console/Command.php:136
PHP   8. Illuminate\Console\Command->execute() /home/vagrant/laravel5/vendor/symfony/console/Command/Command.php:256
PHP   9. Illuminate\Container\Container->call() /home/vagrant/laravel5/vendor/laravel/framework/src/Illuminate/Console/Command.php:150
PHP  10. call_user_func_array:{/home/vagrant/laravel5/vendor/laravel/framework/src/Illuminate/Container/Container.php:507}() /home/vagrant/laravel5/vendor/laravel/framework/src/Illuminate/Container/Container.php:507
PHP  11. Illuminate\Queue\Console\WorkCommand->fire() /home/vagrant/laravel5/vendor/laravel/framework/src/Illuminate/Container/Container.php:507
PHP  12. Illuminate\Queue\Console\WorkCommand->runWorker() /home/vagrant/laravel5/vendor/laravel/framework/src/Illuminate/Queue/Console/WorkCommand.php:71
PHP  13. Illuminate\Queue\Worker->daemon() /home/vagrant/laravel5/vendor/laravel/framework/src/Illuminate/Queue/Console/WorkCommand.php:103
PHP  14. Illuminate\Queue\Worker->runNextJobForDaemon() /home/vagrant/laravel5/vendor/laravel/framework/src/Illuminate/Queue/Worker.php:87
PHP  15. Illuminate\Queue\Worker->pop() /home/vagrant/laravel5/vendor/laravel/framework/src/Illuminate/Queue/Worker.php:111
PHP  16. Illuminate\Queue\Worker->process() /home/vagrant/laravel5/vendor/laravel/framework/src/Illuminate/Queue/Worker.php:159
PHP  17. Illuminate\Queue\Jobs\DatabaseJob->fire() /home/vagrant/laravel5/vendor/laravel/framework/src/Illuminate/Queue/Worker.php:208
PHP  18. Illuminate\Queue\Jobs\Job->resolveAndFire() /home/vagrant/laravel5/vendor/laravel/framework/src/Illuminate/Queue/Jobs/DatabaseJob.php:50
PHP  19. Illuminate\Queue\CallQueuedHandler->call() /home/vagrant/laravel5/vendor/laravel/framework/src/Illuminate/Queue/Jobs/Job.php:129
PHP  20. Illuminate\Bus\Dispatcher->dispatchNow() /home/vagrant/laravel5/vendor/laravel/framework/src/Illuminate/Queue/CallQueuedHandler.php:43
PHP  21. Illuminate\Pipeline\Pipeline->then() /home/vagrant/laravel5/vendor/laravel/framework/src/Illuminate/Bus/Dispatcher.php:204
PHP  22. call_user_func:{/home/vagrant/laravel5/vendor/laravel/framework/src/Illuminate/Pipeline/Pipeline.php:103}() /home/vagrant/laravel5/vendor/laravel/framework/src/Illuminate/Pipeline/Pipeline.php:103
PHP  23. Illuminate\Pipeline\Pipeline->Illuminate\Pipeline\{closure}() /home/vagrant/laravel5/vendor/laravel/framework/src/Illuminate/Pipeline/Pipeline.php:103
PHP  24. call_user_func:{/home/vagrant/laravel5/vendor/laravel/framework/src/Illuminate/Pipeline/Pipeline.php:139}() /home/vagrant/laravel5/vendor/laravel/framework/src/Illuminate/Pipeline/Pipeline.php:139
PHP  25. Illuminate\Bus\Dispatcher->Illuminate\Bus\{closure}() /home/vagrant/laravel5/vendor/laravel/framework/src/Illuminate/Pipeline/Pipeline.php:139
PHP  26. Illuminate\Container\Container->call() /home/vagrant/laravel5/vendor/laravel/framework/src/Illuminate/Bus/Dispatcher.php:192
PHP  27. call_user_func_array:{/home/vagrant/laravel5/vendor/laravel/framework/src/Illuminate/Container/Container.php:507}() /home/vagrant/laravel5/vendor/laravel/framework/src/Illuminate/Container/Container.php:507
PHP  28. App\Jobs\CreditAccountJob->handle() /home/vagrant/laravel5/vendor/laravel/framework/src/Illuminate/Container/Container.php:507

                                                           
  [Symfony\Component\Debug\Exception\FatalErrorException]  
  Call to a member function transaction() on null          
                                                           

